[ 2015-12-25T10:23:43+08:00 ] ::1 /dev_wederful/
INFO: [ app_init ] --START--
INFO: Run Behavior\BuildLiteBehavior [ RunTime:0.000165s ]
INFO: [ app_init ] --END-- [ RunTime:0.001472s ]
INFO: [ app_begin ] --START--
INFO: Run Behavior\ReadHtmlCacheBehavior [ RunTime:0.000822s ]
INFO: Run Behavior\CheckLangBehavior [ RunTime:0.002981s ]
INFO: [ app_begin ] --END-- [ RunTime:0.004705s ]
INFO: [ view_parse ] --START--
INFO: [ template_filter ] --START--
INFO: Run Behavior\ContentReplaceBehavior [ RunTime:0.000342s ]
INFO: [ template_filter ] --END-- [ RunTime:0.000911s ]
NOTIC: [8] Undefined variable: promotionData D:\www\dev_wederful\Runtime\Cache\Home\7b77775f00e57a9d8807c87feb3333f0.php 第 349 行.
INFO: Run Behavior\ParseTemplateBehavior [ RunTime:0.061419s ]
INFO: [ view_parse ] --END-- [ RunTime:0.061957s ]
INFO: [ view_filter ] --START--
INFO: Run Behavior\WriteHtmlCacheBehavior [ RunTime:0.000669s ]
INFO: [ view_filter ] --END-- [ RunTime:0.001253s ]
INFO: [ app_end ] --START--
INFO: Run Behavior\ShowPageTraceBehavior [ RunTime:0.000854s ]
INFO: [ app_end ] --END-- [ RunTime:0.001402s ]

[ 2015-12-25T10:24:12+08:00 ] ::1 /dev_wederful/maldive
INFO: [ app_init ] --START--
INFO: Run Behavior\BuildLiteBehavior [ RunTime:0.000116s ]
INFO: [ app_init ] --END-- [ RunTime:0.001015s ]
INFO: [ app_begin ] --START--
INFO: Run Behavior\ReadHtmlCacheBehavior [ RunTime:0.000755s ]
INFO: Run Behavior\CheckLangBehavior [ RunTime:0.002238s ]
INFO: [ app_begin ] --END-- [ RunTime:0.003814s ]
NOTIC: [2] Missing argument 1 for I(), called in D:\www\dev_wederful\Application\Home\Controller\ServiceController.class.php on line 8 and defined D:\www\dev_wederful\ThinkPHP\Common\functions.php 第 271 行.
NOTIC: [8] Undefined variable: name D:\www\dev_wederful\ThinkPHP\Common\functions.php 第 273 行.
NOTIC: [8] Undefined variable: name D:\www\dev_wederful\ThinkPHP\Common\functions.php 第 278 行.
NOTIC: [8] Undefined variable: name D:\www\dev_wederful\ThinkPHP\Common\functions.php 第 339 行.
NOTIC: [8] Undefined index: p D:\www\dev_wederful\Application\Home\Controller\ServiceController.class.php 第 9 行.
SQL: SHOW COLUMNS FROM `destination` [ RunTime:0.0169s ]
SQL: SHOW COLUMNS FROM `product` [ RunTime:0.0049s ]
SQL: SHOW COLUMNS FROM `vendors` [ RunTime:0.0033s ]
SQL: SHOW COLUMNS FROM `package` [ RunTime:0.0245s ]
SQL: SHOW COLUMNS FROM `product_category_attr_option` [ RunTime:0.0032s ]
SQL: SHOW COLUMNS FROM `product_category` [ RunTime:0.0031s ]
SQL: SELECT * FROM `destination` WHERE `id` = 5 LIMIT 1   [ RunTime:0.0004s ]
SQL: SELECT * FROM `product_category` WHERE `parent_id` = 0  [ RunTime:0.0003s ]
SQL: SHOW COLUMNS FROM `product` [ RunTime:0.0029s ]
SQL: SELECT COUNT(*) AS tp_count FROM product p INNER JOIN package k on p.id=k.product_id  WHERE p.is_del = '0' AND k.is_show = '1' AND k.is_del = '0' AND k.area_id = '5' AND p.category_id = '55' LIMIT 1   [ RunTime:0.0004s ]
SQL: SHOW COLUMNS FROM `product` [ RunTime:0.0023s ]
SQL: SELECT COUNT(*) AS tp_count FROM product p INNER JOIN package k on p.id=k.product_id  WHERE p.is_del = '0' AND k.is_show = '1' AND k.is_del = '0' AND k.area_id = '5' AND p.category_id = '56' LIMIT 1   [ RunTime:0.0004s ]
SQL: SHOW COLUMNS FROM `product` [ RunTime:0.0028s ]
SQL: SELECT COUNT(*) AS tp_count FROM product p INNER JOIN package k on p.id=k.product_id  WHERE p.is_del = '0' AND k.is_show = '1' AND k.is_del = '0' AND k.area_id = '5' AND p.category_id = '57' LIMIT 1   [ RunTime:0.0004s ]
SQL: SHOW COLUMNS FROM `product` [ RunTime:0.0021s ]
SQL: SELECT COUNT(*) AS tp_count FROM product p INNER JOIN package k on p.id=k.product_id  WHERE p.is_del = '0' AND k.is_show = '1' AND k.is_del = '0' AND k.area_id = '5' AND p.category_id = '58' LIMIT 1   [ RunTime:0.0004s ]
SQL: SHOW COLUMNS FROM `product` [ RunTime:0.0024s ]
SQL: SELECT COUNT(distinct(p.id)) AS tp_count FROM product p INNER JOIN package k on p.id=k.product_id  WHERE p.is_del = '0' AND k.is_show = '1' AND k.is_del = '0' AND k.area_id = '5' AND p.category_id = '55' LIMIT 1   [ RunTime:0.0005s ]
SQL: SHOW COLUMNS FROM `product` [ RunTime:0.0029s ]
SQL: SELECT DISTINCT  p.* FROM product p INNER JOIN package k on p.id=k.product_id  WHERE p.is_del = '0' AND k.is_show = '1' AND k.is_del = '0' AND k.area_id = '5' AND p.category_id = '55' LIMIT 0,6   [ RunTime:0.0024s ]
SQL: SELECT * FROM `vendors` WHERE `id` = 10 LIMIT 1   [ RunTime:0.0003s ]
SQL: SELECT * FROM `product_category` WHERE `id` = 55 LIMIT 1   [ RunTime:0.0003s ]
SQL: SELECT min(price) as price from package where product_id = '141' and is_del ='0' and is_show='1' [ RunTime:0.0004s ]
SQL: SHOW COLUMNS FROM `system_seting` [ RunTime:0.0193s ]
SQL: SELECT * FROM `system_seting` WHERE `name` = 'rate' LIMIT 1   [ RunTime:0.0003s ]
SQL: SHOW COLUMNS FROM `product_attr_relational` [ RunTime:0.0170s ]
SQL: SELECT * FROM product_attr_relational as a INNER JOIN product_category_attr as p on a.attr_id = p.id  WHERE ( a.product_id='141' and p.is_detail = 1 )  [ RunTime:0.0720s ]
SQL: SELECT * FROM `product_category_attr_option` WHERE `id` = 37 LIMIT 1   [ RunTime:0.0009s ]
INFO: [ view_parse ] --START--
INFO: [ template_filter ] --START--
INFO: Run Behavior\ContentReplaceBehavior [ RunTime:0.000321s ]
INFO: [ template_filter ] --END-- [ RunTime:0.000882s ]
NOTIC: [8] Undefined variable: i D:\www\dev_wederful\Runtime\Cache\Home\2253abe062e2b5715590081bd3c15601.php 第 248 行.
INFO: Run Behavior\ParseTemplateBehavior [ RunTime:0.059860s ]
INFO: [ view_parse ] --END-- [ RunTime:0.060438s ]
INFO: [ view_filter ] --START--
INFO: Run Behavior\WriteHtmlCacheBehavior [ RunTime:0.000845s ]
INFO: [ view_filter ] --END-- [ RunTime:0.001529s ]
INFO: [ app_end ] --START--
INFO: Run Behavior\ShowPageTraceBehavior [ RunTime:0.000732s ]
INFO: [ app_end ] --END-- [ RunTime:0.001284s ]

[ 2015-12-25T10:24:15+08:00 ] ::1 /dev_wederful/
INFO: [ app_init ] --START--
INFO: Run Behavior\BuildLiteBehavior [ RunTime:0.000118s ]
INFO: [ app_init ] --END-- [ RunTime:0.000994s ]
INFO: [ app_begin ] --START--
INFO: Run Behavior\ReadHtmlCacheBehavior [ RunTime:0.000772s ]
INFO: Run Behavior\CheckLangBehavior [ RunTime:0.003710s ]
INFO: [ app_begin ] --END-- [ RunTime:0.005384s ]
INFO: [ view_parse ] --START--
INFO: [ template_filter ] --START--
INFO: Run Behavior\ContentReplaceBehavior [ RunTime:0.000341s ]
INFO: [ template_filter ] --END-- [ RunTime:0.000884s ]
NOTIC: [8] Undefined variable: promotionData D:\www\dev_wederful\Runtime\Cache\Home\7b77775f00e57a9d8807c87feb3333f0.php 第 349 行.
INFO: Run Behavior\ParseTemplateBehavior [ RunTime:0.051051s ]
INFO: [ view_parse ] --END-- [ RunTime:0.051586s ]
INFO: [ view_filter ] --START--
INFO: Run Behavior\WriteHtmlCacheBehavior [ RunTime:0.000617s ]
INFO: [ view_filter ] --END-- [ RunTime:0.001160s ]
INFO: [ app_end ] --START--
INFO: Run Behavior\ShowPageTraceBehavior [ RunTime:0.000687s ]
INFO: [ app_end ] --END-- [ RunTime:0.001269s ]

[ 2015-12-25T10:24:27+08:00 ] ::1 /dev_wederful/Index/custom
INFO: [ app_init ] --START--
INFO: Run Behavior\BuildLiteBehavior [ RunTime:0.000212s ]
INFO: [ app_init ] --END-- [ RunTime:0.001226s ]
INFO: [ app_begin ] --START--
INFO: Run Behavior\ReadHtmlCacheBehavior [ RunTime:0.000761s ]
INFO: Run Behavior\CheckLangBehavior [ RunTime:0.002361s ]
INFO: [ app_begin ] --END-- [ RunTime:0.003995s ]
INFO: [ view_parse ] --START--
INFO: [ template_filter ] --START--
INFO: Run Behavior\ContentReplaceBehavior [ RunTime:0.000347s ]
INFO: [ template_filter ] --END-- [ RunTime:0.000992s ]
INFO: Run Behavior\ParseTemplateBehavior [ RunTime:0.048810s ]
INFO: [ view_parse ] --END-- [ RunTime:0.049361s ]
INFO: [ view_filter ] --START--
INFO: Run Behavior\WriteHtmlCacheBehavior [ RunTime:0.000646s ]
INFO: [ view_filter ] --END-- [ RunTime:0.001225s ]
INFO: [ app_end ] --START--
INFO: Run Behavior\ShowPageTraceBehavior [ RunTime:0.001234s ]
INFO: [ app_end ] --END-- [ RunTime:0.001772s ]

[ 2015-12-25T10:24:30+08:00 ] ::1 /dev_wederful/
INFO: [ app_init ] --START--
INFO: Run Behavior\BuildLiteBehavior [ RunTime:0.000138s ]
INFO: [ app_init ] --END-- [ RunTime:0.001031s ]
INFO: [ app_begin ] --START--
INFO: Run Behavior\ReadHtmlCacheBehavior [ RunTime:0.000753s ]
INFO: Run Behavior\CheckLangBehavior [ RunTime:0.002311s ]
INFO: [ app_begin ] --END-- [ RunTime:0.003970s ]
INFO: [ view_parse ] --START--
INFO: [ template_filter ] --START--
INFO: Run Behavior\ContentReplaceBehavior [ RunTime:0.000388s ]
INFO: [ template_filter ] --END-- [ RunTime:0.000919s ]
NOTIC: [8] Undefined variable: promotionData D:\www\dev_wederful\Runtime\Cache\Home\7b77775f00e57a9d8807c87feb3333f0.php 第 349 行.
INFO: Run Behavior\ParseTemplateBehavior [ RunTime:0.052370s ]
INFO: [ view_parse ] --END-- [ RunTime:0.053022s ]
INFO: [ view_filter ] --START--
INFO: Run Behavior\WriteHtmlCacheBehavior [ RunTime:0.000641s ]
INFO: [ view_filter ] --END-- [ RunTime:0.001158s ]
INFO: [ app_end ] --START--
INFO: Run Behavior\ShowPageTraceBehavior [ RunTime:0.000801s ]
INFO: [ app_end ] --END-- [ RunTime:0.001334s ]

[ 2015-12-25T10:24:50+08:00 ] ::1 /dev_wederful/Index/custom
INFO: [ app_init ] --START--
INFO: Run Behavior\BuildLiteBehavior [ RunTime:0.000115s ]
INFO: [ app_init ] --END-- [ RunTime:0.001039s ]
INFO: [ app_begin ] --START--
INFO: Run Behavior\ReadHtmlCacheBehavior [ RunTime:0.000894s ]
INFO: Run Behavior\CheckLangBehavior [ RunTime:0.002441s ]
INFO: [ app_begin ] --END-- [ RunTime:0.004196s ]
INFO: [ view_parse ] --START--
INFO: [ template_filter ] --START--
INFO: Run Behavior\ContentReplaceBehavior [ RunTime:0.000314s ]
INFO: [ template_filter ] --END-- [ RunTime:0.000856s ]
INFO: Run Behavior\ParseTemplateBehavior [ RunTime:0.043589s ]
INFO: [ view_parse ] --END-- [ RunTime:0.044140s ]
INFO: [ view_filter ] --START--
INFO: Run Behavior\WriteHtmlCacheBehavior [ RunTime:0.000584s ]
INFO: [ view_filter ] --END-- [ RunTime:0.001111s ]
INFO: [ app_end ] --START--
INFO: Run Behavior\ShowPageTraceBehavior [ RunTime:0.000721s ]
INFO: [ app_end ] --END-- [ RunTime:0.001298s ]

[ 2015-12-25T10:24:54+08:00 ] ::1 /dev_wederful/
INFO: [ app_init ] --START--
INFO: Run Behavior\BuildLiteBehavior [ RunTime:0.000148s ]
INFO: [ app_init ] --END-- [ RunTime:0.001054s ]
INFO: [ app_begin ] --START--
INFO: Run Behavior\ReadHtmlCacheBehavior [ RunTime:0.000864s ]
INFO: Run Behavior\CheckLangBehavior [ RunTime:0.002811s ]
INFO: [ app_begin ] --END-- [ RunTime:0.004582s ]
INFO: [ view_parse ] --START--
INFO: [ template_filter ] --START--
INFO: Run Behavior\ContentReplaceBehavior [ RunTime:0.000634s ]
INFO: [ template_filter ] --END-- [ RunTime:0.001510s ]
NOTIC: [8] Undefined variable: promotionData D:\www\dev_wederful\Runtime\Cache\Home\7b77775f00e57a9d8807c87feb3333f0.php 第 349 行.
INFO: Run Behavior\ParseTemplateBehavior [ RunTime:0.052549s ]
INFO: [ view_parse ] --END-- [ RunTime:0.053103s ]
INFO: [ view_filter ] --START--
INFO: Run Behavior\WriteHtmlCacheBehavior [ RunTime:0.000617s ]
INFO: [ view_filter ] --END-- [ RunTime:0.001145s ]
INFO: [ app_end ] --START--
INFO: Run Behavior\ShowPageTraceBehavior [ RunTime:0.001226s ]
INFO: [ app_end ] --END-- [ RunTime:0.001973s ]

[ 2015-12-25T10:27:46+08:00 ] ::1 /dev_wederful/
INFO: [ app_init ] --START--
INFO: Run Behavior\BuildLiteBehavior [ RunTime:0.000141s ]
INFO: [ app_init ] --END-- [ RunTime:0.001026s ]
INFO: [ app_begin ] --START--
INFO: Run Behavior\ReadHtmlCacheBehavior [ RunTime:0.000654s ]
INFO: Run Behavior\CheckLangBehavior [ RunTime:0.002357s ]
INFO: [ app_begin ] --END-- [ RunTime:0.003825s ]
INFO: [ view_parse ] --START--
INFO: [ template_filter ] --START--
INFO: Run Behavior\ContentReplaceBehavior [ RunTime:0.000370s ]
INFO: [ template_filter ] --END-- [ RunTime:0.000937s ]
NOTIC: [8] Undefined variable: promotionData D:\www\dev_wederful\Runtime\Cache\Home\7b77775f00e57a9d8807c87feb3333f0.php 第 349 行.
INFO: Run Behavior\ParseTemplateBehavior [ RunTime:0.051402s ]
INFO: [ view_parse ] --END-- [ RunTime:0.051950s ]
INFO: [ view_filter ] --START--
INFO: Run Behavior\WriteHtmlCacheBehavior [ RunTime:0.000582s ]
INFO: [ view_filter ] --END-- [ RunTime:0.001137s ]
INFO: [ app_end ] --START--
INFO: Run Behavior\ShowPageTraceBehavior [ RunTime:0.000751s ]
INFO: [ app_end ] --END-- [ RunTime:0.001288s ]

[ 2015-12-25T10:28:04+08:00 ] ::1 /dev_wederful/lovelyplanet
INFO: [ app_init ] --START--
INFO: Run Behavior\BuildLiteBehavior [ RunTime:0.000123s ]
INFO: [ app_init ] --END-- [ RunTime:0.001018s ]
NOTIC: [8] Undefined variable: categoryid D:\www\dev_wederful\Application\Common\Conf\local.php 第 34 行.
INFO: [ app_begin ] --START--
INFO: Run Behavior\ReadHtmlCacheBehavior [ RunTime:0.000691s ]
INFO: Run Behavior\CheckLangBehavior [ RunTime:0.002270s ]
INFO: [ app_begin ] --END-- [ RunTime:0.003801s ]
NOTIC: [2] Missing argument 1 for I(), called in D:\www\dev_wederful\Application\Home\Controller\ArticleController.class.php on line 12 and defined D:\www\dev_wederful\ThinkPHP\Common\functions.php 第 271 行.
NOTIC: [8] Undefined variable: name D:\www\dev_wederful\ThinkPHP\Common\functions.php 第 273 行.
NOTIC: [8] Undefined variable: name D:\www\dev_wederful\ThinkPHP\Common\functions.php 第 278 行.
NOTIC: [8] Undefined variable: name D:\www\dev_wederful\ThinkPHP\Common\functions.php 第 339 行.
SQL: SHOW COLUMNS FROM `article` [ RunTime:0.0197s ]
SQL: SHOW COLUMNS FROM `article_category` [ RunTime:0.0043s ]
SQL: SELECT * FROM `article_category`  [ RunTime:0.0004s ]
NOTIC: [8] Undefined index: category D:\www\dev_wederful\Application\Home\Controller\ArticleController.class.php 第 18 行.
SQL: SELECT * FROM `article` WHERE `is_show` = 1 AND `is_del` = 0 ORDER BY visit_num desc LIMIT 0,5   [ RunTime:0.0221s ]
SQL: SELECT COUNT(*) AS tp_count FROM `article` WHERE `is_show` = 1 AND `is_del` = 0 LIMIT 1   [ RunTime:0.0005s ]
SQL: SELECT * FROM `article` WHERE `is_show` = 1 AND `is_del` = 0 ORDER BY is_top desc LIMIT 0,10   [ RunTime:0.0008s ]
INFO: [ view_parse ] --START--
INFO: [ template_filter ] --START--
INFO: Run Behavior\ContentReplaceBehavior [ RunTime:0.000373s ]
INFO: [ template_filter ] --END-- [ RunTime:0.000989s ]
INFO: Run Behavior\ParseTemplateBehavior [ RunTime:0.077008s ]
INFO: [ view_parse ] --END-- [ RunTime:0.077757s ]
INFO: [ view_filter ] --START--
INFO: Run Behavior\WriteHtmlCacheBehavior [ RunTime:0.000666s ]
INFO: [ view_filter ] --END-- [ RunTime:0.001191s ]
INFO: [ app_end ] --START--
INFO: Run Behavior\ShowPageTraceBehavior [ RunTime:0.000802s ]
INFO: [ app_end ] --END-- [ RunTime:0.001331s ]

[ 2015-12-25T10:28:09+08:00 ] ::1 /dev_wederful/lovelyplanet/id/7
INFO: [ app_init ] --START--
INFO: Run Behavior\BuildLiteBehavior [ RunTime:0.000114s ]
INFO: [ app_init ] --END-- [ RunTime:0.000988s ]
INFO: [ app_begin ] --START--
INFO: Run Behavior\ReadHtmlCacheBehavior [ RunTime:0.000628s ]
INFO: Run Behavior\CheckLangBehavior [ RunTime:0.002399s ]
INFO: [ app_begin ] --END-- [ RunTime:0.003841s ]
NOTIC: [2] Missing argument 1 for I(), called in D:\www\dev_wederful\Application\Home\Controller\ArticleController.class.php on line 40 and defined D:\www\dev_wederful\ThinkPHP\Common\functions.php 第 271 行.
NOTIC: [8] Undefined variable: name D:\www\dev_wederful\ThinkPHP\Common\functions.php 第 273 行.
NOTIC: [8] Undefined variable: name D:\www\dev_wederful\ThinkPHP\Common\functions.php 第 278 行.
NOTIC: [8] Undefined variable: name D:\www\dev_wederful\ThinkPHP\Common\functions.php 第 339 行.
SQL: SHOW COLUMNS FROM `article` [ RunTime:0.0030s ]
SQL: SHOW COLUMNS FROM `article_tags` [ RunTime:0.0043s ]
SQL: SHOW COLUMNS FROM `article_tags_relational` [ RunTime:0.0041s ]
SQL: SHOW COLUMNS FROM `article_category` [ RunTime:0.0019s ]
SQL: SELECT * FROM `article_category`  [ RunTime:0.0004s ]
SQL: UPDATE `article` SET `visit_num`=visit_num+1 WHERE `id` = 7 [ RunTime:0.0004s ]
SQL: SELECT * FROM `article` WHERE `id` = 7 LIMIT 1   [ RunTime:0.0004s ]
SQL: SELECT * FROM `article` WHERE `is_show` = 1 AND `is_del` = 0 ORDER BY visit_num desc LIMIT 0,5   [ RunTime:0.0008s ]
SQL: SELECT * FROM `article_tags_relational` WHERE `article_id` = 7  [ RunTime:0.0008s ]
SQL: SELECT * FROM `article_tags` WHERE `id` = 20 LIMIT 1   [ RunTime:0.0005s ]
SQL: SELECT * FROM `article_tags` WHERE `id` = 16 LIMIT 1   [ RunTime:0.0002s ]
SQL: SELECT * FROM `article_tags` WHERE `id` = 15 LIMIT 1   [ RunTime:0.0002s ]
SQL: SELECT * FROM `article_tags` WHERE `id` = 10 LIMIT 1   [ RunTime:0.0002s ]
SQL: SELECT * FROM `article_tags` WHERE `id` = 9 LIMIT 1   [ RunTime:0.0003s ]
SQL: SELECT * FROM `article_tags` WHERE `id` = 8 LIMIT 1   [ RunTime:0.0003s ]
SQL: SELECT * FROM `article_tags` WHERE `id` = 7 LIMIT 1   [ RunTime:0.0002s ]
SQL: SELECT * FROM `article_tags` WHERE `id` = 6 LIMIT 1   [ RunTime:0.0002s ]
SQL: SELECT DISTINCT  `article_id` FROM `article_tags_relational` WHERE ( `tags_id` = '20' OR `tags_id` = '16' OR `tags_id` = '15' OR `tags_id` = '10' OR `tags_id` = '9' OR `tags_id` = '8' OR `tags_id` = '7' OR `tags_id` = '6' ) AND `article_id` <> '7'  [ RunTime:0.0005s ]
SQL: SELECT * FROM `article` WHERE `id` IN ('6','8','9','10','11','12','13','14','15','16','18','19','21','22','26','29','30','36','40','41','42','43','56','57','58','60','67','72','73') AND `is_show` = 1 LIMIT 0,2   [ RunTime:0.0006s ]
INFO: [ view_parse ] --START--
INFO: [ template_filter ] --START--
INFO: Run Behavior\ContentReplaceBehavior [ RunTime:0.000429s ]
INFO: [ template_filter ] --END-- [ RunTime:0.000952s ]
INFO: Run Behavior\ParseTemplateBehavior [ RunTime:0.069262s ]
INFO: [ view_parse ] --END-- [ RunTime:0.070030s ]
INFO: [ view_filter ] --START--
INFO: Run Behavior\WriteHtmlCacheBehavior [ RunTime:0.000635s ]
INFO: [ view_filter ] --END-- [ RunTime:0.001324s ]
INFO: [ app_end ] --START--
INFO: Run Behavior\ShowPageTraceBehavior [ RunTime:0.000741s ]
INFO: [ app_end ] --END-- [ RunTime:0.001275s ]

[ 2015-12-25T10:28:49+08:00 ] ::1 /dev_wederful/
INFO: [ app_init ] --START--
INFO: Run Behavior\BuildLiteBehavior [ RunTime:0.000130s ]
INFO: [ app_init ] --END-- [ RunTime:0.000990s ]
INFO: [ app_begin ] --START--
INFO: Run Behavior\ReadHtmlCacheBehavior [ RunTime:0.000648s ]
INFO: Run Behavior\CheckLangBehavior [ RunTime:0.003131s ]
INFO: [ app_begin ] --END-- [ RunTime:0.004616s ]
INFO: [ view_parse ] --START--
INFO: [ template_filter ] --START--
INFO: Run Behavior\ContentReplaceBehavior [ RunTime:0.000367s ]
INFO: [ template_filter ] --END-- [ RunTime:0.000913s ]
NOTIC: [8] Undefined variable: promotionData D:\www\dev_wederful\Runtime\Cache\Home\7b77775f00e57a9d8807c87feb3333f0.php 第 349 行.
INFO: Run Behavior\ParseTemplateBehavior [ RunTime:0.053159s ]
INFO: [ view_parse ] --END-- [ RunTime:0.053911s ]
INFO: [ view_filter ] --START--
INFO: Run Behavior\WriteHtmlCacheBehavior [ RunTime:0.000606s ]
INFO: [ view_filter ] --END-- [ RunTime:0.001162s ]
INFO: [ app_end ] --START--
INFO: Run Behavior\ShowPageTraceBehavior [ RunTime:0.000678s ]
INFO: [ app_end ] --END-- [ RunTime:0.001263s ]

[ 2015-12-25T12:58:42+08:00 ] ::1 /dev_wederful/
INFO: [ app_init ] --START--
INFO: Run Behavior\BuildLiteBehavior [ RunTime:0.000124s ]
INFO: [ app_init ] --END-- [ RunTime:0.001019s ]
INFO: [ app_begin ] --START--
INFO: Run Behavior\ReadHtmlCacheBehavior [ RunTime:0.000810s ]
INFO: Run Behavior\CheckLangBehavior [ RunTime:0.002634s ]
INFO: [ app_begin ] --END-- [ RunTime:0.004286s ]
INFO: [ view_parse ] --START--
INFO: [ template_filter ] --START--
INFO: Run Behavior\ContentReplaceBehavior [ RunTime:0.000385s ]
INFO: [ template_filter ] --END-- [ RunTime:0.001018s ]
NOTIC: [8] Undefined variable: promotionData D:\www\dev_wederful\Runtime\Cache\Home\7b77775f00e57a9d8807c87feb3333f0.php 第 349 行.
INFO: Run Behavior\ParseTemplateBehavior [ RunTime:0.061113s ]
INFO: [ view_parse ] --END-- [ RunTime:0.061784s ]
INFO: [ view_filter ] --START--
INFO: Run Behavior\WriteHtmlCacheBehavior [ RunTime:0.000759s ]
INFO: [ view_filter ] --END-- [ RunTime:0.001295s ]
INFO: [ app_end ] --START--
INFO: Run Behavior\ShowPageTraceBehavior [ RunTime:0.000760s ]
INFO: [ app_end ] --END-- [ RunTime:0.001313s ]

[ 2015-12-25T13:42:16+08:00 ] ::1 /dev_wederful/
INFO: [ app_init ] --START--
INFO: Run Behavior\BuildLiteBehavior [ RunTime:0.000134s ]
INFO: [ app_init ] --END-- [ RunTime:0.001315s ]
INFO: [ app_begin ] --START--
INFO: Run Behavior\ReadHtmlCacheBehavior [ RunTime:0.000774s ]
INFO: Run Behavior\CheckLangBehavior [ RunTime:0.002701s ]
INFO: [ app_begin ] --END-- [ RunTime:0.004613s ]
INFO: [ view_parse ] --START--
INFO: [ template_filter ] --START--
INFO: Run Behavior\ContentReplaceBehavior [ RunTime:0.000486s ]
INFO: [ template_filter ] --END-- [ RunTime:0.001184s ]
NOTIC: [8] Undefined variable: promotionData D:\www\dev_wederful\Runtime\Cache\Home\7b77775f00e57a9d8807c87feb3333f0.php 第 349 行.
INFO: Run Behavior\ParseTemplateBehavior [ RunTime:0.061868s ]
INFO: [ view_parse ] --END-- [ RunTime:0.062463s ]
INFO: [ view_filter ] --START--
INFO: Run Behavior\WriteHtmlCacheBehavior [ RunTime:0.000686s ]
INFO: [ view_filter ] --END-- [ RunTime:0.001248s ]
INFO: [ app_end ] --START--
INFO: Run Behavior\ShowPageTraceBehavior [ RunTime:0.000897s ]
INFO: [ app_end ] --END-- [ RunTime:0.001603s ]

[ 2015-12-25T13:42:20+08:00 ] ::1 /dev_wederful/bali
INFO: [ app_init ] --START--
INFO: Run Behavior\BuildLiteBehavior [ RunTime:0.000171s ]
INFO: [ app_init ] --END-- [ RunTime:0.001389s ]
INFO: [ app_begin ] --START--
INFO: Run Behavior\ReadHtmlCacheBehavior [ RunTime:0.000789s ]
INFO: Run Behavior\CheckLangBehavior [ RunTime:0.002774s ]
INFO: [ app_begin ] --END-- [ RunTime:0.004464s ]
NOTIC: [2] Missing argument 1 for I(), called in D:\www\dev_wederful\Application\Home\Controller\ServiceController.class.php on line 8 and defined D:\www\dev_wederful\ThinkPHP\Common\functions.php 第 271 行.
NOTIC: [8] Undefined variable: name D:\www\dev_wederful\ThinkPHP\Common\functions.php 第 273 行.
NOTIC: [8] Undefined variable: name D:\www\dev_wederful\ThinkPHP\Common\functions.php 第 278 行.
NOTIC: [8] Undefined variable: name D:\www\dev_wederful\ThinkPHP\Common\functions.php 第 339 行.
NOTIC: [8] Undefined index: p D:\www\dev_wederful\Application\Home\Controller\ServiceController.class.php 第 9 行.
SQL: SHOW COLUMNS FROM `destination` [ RunTime:0.0034s ]
SQL: SHOW COLUMNS FROM `product` [ RunTime:0.0035s ]
SQL: SHOW COLUMNS FROM `vendors` [ RunTime:0.0033s ]
SQL: SHOW COLUMNS FROM `package` [ RunTime:0.0032s ]
SQL: SHOW COLUMNS FROM `product_category_attr_option` [ RunTime:0.0036s ]
SQL: SHOW COLUMNS FROM `product_category` [ RunTime:0.0028s ]
SQL: SELECT * FROM `destination` WHERE `id` = 1 LIMIT 1   [ RunTime:0.0004s ]
SQL: SELECT * FROM `product_category` WHERE `parent_id` = 0  [ RunTime:0.0003s ]
SQL: SHOW COLUMNS FROM `product` [ RunTime:0.0032s ]
SQL: SELECT COUNT(*) AS tp_count FROM product p INNER JOIN package k on p.id=k.product_id  WHERE p.is_del = '0' AND k.is_show = '1' AND k.is_del = '0' AND k.area_id = '1' AND p.category_id = '55' LIMIT 1   [ RunTime:0.0006s ]
SQL: SHOW COLUMNS FROM `product` [ RunTime:0.0031s ]
SQL: SELECT COUNT(*) AS tp_count FROM product p INNER JOIN package k on p.id=k.product_id  WHERE p.is_del = '0' AND k.is_show = '1' AND k.is_del = '0' AND k.area_id = '1' AND p.category_id = '56' LIMIT 1   [ RunTime:0.0008s ]
SQL: SHOW COLUMNS FROM `product` [ RunTime:0.0033s ]
SQL: SELECT COUNT(*) AS tp_count FROM product p INNER JOIN package k on p.id=k.product_id  WHERE p.is_del = '0' AND k.is_show = '1' AND k.is_del = '0' AND k.area_id = '1' AND p.category_id = '57' LIMIT 1   [ RunTime:0.0007s ]
SQL: SHOW COLUMNS FROM `product` [ RunTime:0.0028s ]
SQL: SELECT COUNT(*) AS tp_count FROM product p INNER JOIN package k on p.id=k.product_id  WHERE p.is_del = '0' AND k.is_show = '1' AND k.is_del = '0' AND k.area_id = '1' AND p.category_id = '58' LIMIT 1   [ RunTime:0.0006s ]
SQL: SHOW COLUMNS FROM `product` [ RunTime:0.0027s ]
SQL: SELECT COUNT(distinct(p.id)) AS tp_count FROM product p INNER JOIN package k on p.id=k.product_id  WHERE p.is_del = '0' AND k.is_show = '1' AND k.is_del = '0' AND k.area_id = '1' AND p.category_id = '55' LIMIT 1   [ RunTime:0.0008s ]
SQL: SHOW COLUMNS FROM `product` [ RunTime:0.0035s ]
SQL: SELECT DISTINCT  p.* FROM product p INNER JOIN package k on p.id=k.product_id  WHERE p.is_del = '0' AND k.is_show = '1' AND k.is_del = '0' AND k.area_id = '1' AND p.category_id = '55' LIMIT 0,6   [ RunTime:0.0031s ]
SQL: SELECT * FROM `vendors` WHERE `id` = 3 LIMIT 1   [ RunTime:0.0004s ]
SQL: SELECT * FROM `product_category` WHERE `id` = 55 LIMIT 1   [ RunTime:0.0003s ]
SQL: SELECT min(price) as price from package where product_id = '129' and is_del ='0' and is_show='1' [ RunTime:0.0003s ]
SQL: SHOW COLUMNS FROM `system_seting` [ RunTime:0.0040s ]
SQL: SELECT * FROM `system_seting` WHERE `name` = 'rate' LIMIT 1   [ RunTime:0.0003s ]
SQL: SHOW COLUMNS FROM `product_attr_relational` [ RunTime:0.0027s ]
SQL: SELECT * FROM product_attr_relational as a INNER JOIN product_category_attr as p on a.attr_id = p.id  WHERE ( a.product_id='129' and p.is_detail = 1 )  [ RunTime:0.0008s ]
SQL: SELECT * FROM `product_category_attr_option` WHERE `id` = 29 LIMIT 1   [ RunTime:0.0005s ]
SQL: SELECT * FROM `vendors` WHERE `id` = 28 LIMIT 1   [ RunTime:0.0003s ]
SQL: SELECT * FROM `product_category` WHERE `id` = 55 LIMIT 1   [ RunTime:0.0003s ]
SQL: SELECT min(price) as price from package where product_id = '121' and is_del ='0' and is_show='1' [ RunTime:0.0003s ]
SQL: SELECT * FROM `system_seting` WHERE `name` = 'rate' LIMIT 1   [ RunTime:0.0002s ]
SQL: SHOW COLUMNS FROM `product_attr_relational` [ RunTime:0.0026s ]
SQL: SELECT * FROM product_attr_relational as a INNER JOIN product_category_attr as p on a.attr_id = p.id  WHERE ( a.product_id='121' and p.is_detail = 1 )  [ RunTime:0.0006s ]
SQL: SELECT * FROM `product_category_attr_option` WHERE `id` = 30 LIMIT 1   [ RunTime:0.0003s ]
SQL: SELECT * FROM `vendors` WHERE `id` = 51 LIMIT 1   [ RunTime:0.0003s ]
SQL: SELECT * FROM `product_category` WHERE `id` = 55 LIMIT 1   [ RunTime:0.0004s ]
SQL: SELECT min(price) as price from package where product_id = '162' and is_del ='0' and is_show='1' [ RunTime:0.0004s ]
SQL: SELECT * FROM `system_seting` WHERE `name` = 'rate' LIMIT 1   [ RunTime:0.0003s ]
SQL: SHOW COLUMNS FROM `product_attr_relational` [ RunTime:0.0029s ]
SQL: SELECT * FROM product_attr_relational as a INNER JOIN product_category_attr as p on a.attr_id = p.id  WHERE ( a.product_id='162' and p.is_detail = 1 )  [ RunTime:0.0005s ]
SQL: SELECT * FROM `product_category_attr_option` WHERE `id` = 27 LIMIT 1   [ RunTime:0.0003s ]
SQL: SELECT * FROM `vendors` WHERE `id` = 11 LIMIT 1   [ RunTime:0.0004s ]
SQL: SELECT * FROM `product_category` WHERE `id` = 55 LIMIT 1   [ RunTime:0.0003s ]
SQL: SELECT min(price) as price from package where product_id = '163' and is_del ='0' and is_show='1' [ RunTime:0.0004s ]
SQL: SELECT * FROM `system_seting` WHERE `name` = 'rate' LIMIT 1   [ RunTime:0.0003s ]
SQL: SHOW COLUMNS FROM `product_attr_relational` [ RunTime:0.0025s ]
SQL: SELECT * FROM product_attr_relational as a INNER JOIN product_category_attr as p on a.attr_id = p.id  WHERE ( a.product_id='163' and p.is_detail = 1 )  [ RunTime:0.0005s ]
SQL: SELECT * FROM `product_category_attr_option` WHERE `id` = 35 LIMIT 1   [ RunTime:0.0003s ]
SQL: SELECT * FROM `vendors` WHERE `id` = 16 LIMIT 1   [ RunTime:0.0003s ]
SQL: SELECT * FROM `product_category` WHERE `id` = 55 LIMIT 1   [ RunTime:0.0003s ]
SQL: SELECT min(price) as price from package where product_id = '164' and is_del ='0' and is_show='1' [ RunTime:0.0003s ]
SQL: SELECT * FROM `system_seting` WHERE `name` = 'rate' LIMIT 1   [ RunTime:0.0002s ]
SQL: SHOW COLUMNS FROM `product_attr_relational` [ RunTime:0.0030s ]
SQL: SELECT * FROM product_attr_relational as a INNER JOIN product_category_attr as p on a.attr_id = p.id  WHERE ( a.product_id='164' and p.is_detail = 1 )  [ RunTime:0.0005s ]
SQL: SELECT * FROM `product_category_attr_option` WHERE `id` = 34 LIMIT 1   [ RunTime:0.0003s ]
SQL: SELECT * FROM `vendors` WHERE `id` = 40 LIMIT 1   [ RunTime:0.0003s ]
SQL: SELECT * FROM `product_category` WHERE `id` = 55 LIMIT 1   [ RunTime:0.0005s ]
SQL: SELECT min(price) as price from package where product_id = '165' and is_del ='0' and is_show='1' [ RunTime:0.0004s ]
SQL: SELECT * FROM `system_seting` WHERE `name` = 'rate' LIMIT 1   [ RunTime:0.0003s ]
SQL: SHOW COLUMNS FROM `product_attr_relational` [ RunTime:0.0031s ]
SQL: SELECT * FROM product_attr_relational as a INNER JOIN product_category_attr as p on a.attr_id = p.id  WHERE ( a.product_id='165' and p.is_detail = 1 )  [ RunTime:0.0004s ]
SQL: SELECT * FROM `product_category_attr_option` WHERE `id` = 27 LIMIT 1   [ RunTime:0.0003s ]
INFO: [ view_parse ] --START--
INFO: [ template_filter ] --START--
INFO: Run Behavior\ContentReplaceBehavior [ RunTime:0.000334s ]
INFO: [ template_filter ] --END-- [ RunTime:0.000876s ]
NOTIC: [8] Undefined variable: i D:\www\dev_wederful\Runtime\Cache\Home\2253abe062e2b5715590081bd3c15601.php 第 248 行.
INFO: Run Behavior\ParseTemplateBehavior [ RunTime:0.063693s ]
INFO: [ view_parse ] --END-- [ RunTime:0.064276s ]
INFO: [ view_filter ] --START--
INFO: Run Behavior\WriteHtmlCacheBehavior [ RunTime:0.000653s ]
INFO: [ view_filter ] --END-- [ RunTime:0.001176s ]
INFO: [ app_end ] --START--
INFO: Run Behavior\ShowPageTraceBehavior [ RunTime:0.000729s ]
INFO: [ app_end ] --END-- [ RunTime:0.001361s ]

[ 2015-12-25T13:42:23+08:00 ] ::1 /dev_wederful/bali/129
INFO: [ app_init ] --START--
INFO: Run Behavior\BuildLiteBehavior [ RunTime:0.000129s ]
INFO: [ app_init ] --END-- [ RunTime:0.001091s ]
INFO: [ app_begin ] --START--
INFO: Run Behavior\ReadHtmlCacheBehavior [ RunTime:0.000786s ]
INFO: Run Behavior\CheckLangBehavior [ RunTime:0.002539s ]
INFO: [ app_begin ] --END-- [ RunTime:0.004219s ]
NOTIC: [2] Missing argument 1 for I(), called in D:\www\dev_wederful\Application\Home\Controller\ServiceController.class.php on line 115 and defined D:\www\dev_wederful\ThinkPHP\Common\functions.php 第 271 行.
NOTIC: [8] Undefined variable: name D:\www\dev_wederful\ThinkPHP\Common\functions.php 第 273 行.
NOTIC: [8] Undefined variable: name D:\www\dev_wederful\ThinkPHP\Common\functions.php 第 278 行.
NOTIC: [8] Undefined variable: name D:\www\dev_wederful\ThinkPHP\Common\functions.php 第 339 行.
SQL: SHOW COLUMNS FROM `product` [ RunTime:0.0030s ]
SQL: SHOW COLUMNS FROM `vendors` [ RunTime:0.0030s ]
SQL: SHOW COLUMNS FROM `package` [ RunTime:0.0028s ]
SQL: SHOW COLUMNS FROM `notice` [ RunTime:0.0163s ]
SQL: SHOW COLUMNS FROM `product_category_attr` [ RunTime:0.0029s ]
SQL: SHOW COLUMNS FROM `product_category_attr_option` [ RunTime:0.0029s ]
SQL: SHOW COLUMNS FROM `product_attr_relational` [ RunTime:0.0028s ]
SQL: SHOW COLUMNS FROM `product_category` [ RunTime:0.0025s ]
SQL: SHOW COLUMNS FROM `package_add_value_service` [ RunTime:0.0129s ]
SQL: SHOW COLUMNS FROM `icon_manager` [ RunTime:0.0033s ]
SQL: SHOW COLUMNS FROM `product_detail_images` [ RunTime:0.0131s ]
SQL: SHOW COLUMNS FROM `destination` [ RunTime:0.0031s ]
SQL: SHOW COLUMNS FROM `destination_info` [ RunTime:0.0451s ]
SQL: SELECT * FROM `destination` WHERE `id` = 1 LIMIT 1   [ RunTime:0.0005s ]
SQL: SELECT * FROM `destination_info` WHERE `dest_id` = 1  [ RunTime:0.0096s ]
SQL: SHOW COLUMNS FROM `icon_area_manager` [ RunTime:0.0053s ]
SQL: SELECT * FROM `icon_area_manager` WHERE `id` = 12 LIMIT 1   [ RunTime:0.0004s ]
SQL: SELECT * FROM `icon_area_manager` WHERE `id` = 7 LIMIT 1   [ RunTime:0.0003s ]
SQL: SELECT * FROM `icon_area_manager` WHERE `id` = 13 LIMIT 1   [ RunTime:0.0003s ]
SQL: SELECT * FROM `icon_area_manager` WHERE `id` = 5 LIMIT 1   [ RunTime:0.0002s ]
SQL: SELECT * FROM `icon_area_manager` WHERE `id` = 2 LIMIT 1   [ RunTime:0.0004s ]
SQL: SELECT * FROM `icon_area_manager` WHERE `id` = 8 LIMIT 1   [ RunTime:0.0003s ]
SQL: SELECT * FROM `icon_area_manager` WHERE `id` = 6 LIMIT 1   [ RunTime:0.0003s ]
SQL: SELECT * FROM `icon_area_manager` WHERE `id` = 0 LIMIT 1   [ RunTime:0.0003s ]
SQL: SELECT * FROM `icon_area_manager` WHERE `id` = 0 LIMIT 1   [ RunTime:0.0003s ]
SQL: SELECT * FROM `icon_area_manager` WHERE `id` = 0 LIMIT 1   [ RunTime:0.0002s ]
SQL: SELECT * FROM `icon_area_manager` WHERE `id` = 0 LIMIT 1   [ RunTime:0.0002s ]
SQL: SELECT * FROM `icon_area_manager` WHERE `id` = 0 LIMIT 1   [ RunTime:0.0003s ]
SQL: SELECT * FROM `icon_area_manager` WHERE `id` = 0 LIMIT 1   [ RunTime:0.0003s ]
SQL: SELECT * FROM `icon_area_manager` WHERE `id` = 0 LIMIT 1   [ RunTime:0.0002s ]
SQL: SELECT * FROM `icon_area_manager` WHERE `id` = 9 LIMIT 1   [ RunTime:0.0003s ]
SQL: SELECT * FROM `icon_area_manager` WHERE `id` = 10 LIMIT 1   [ RunTime:0.0003s ]
SQL: SELECT * FROM `icon_area_manager` WHERE `id` = 11 LIMIT 1   [ RunTime:0.0003s ]
SQL: SELECT * FROM `icon_area_manager` WHERE `id` = 0 LIMIT 1   [ RunTime:0.0004s ]
SQL: SELECT * FROM `icon_area_manager` WHERE `id` = 0 LIMIT 1   [ RunTime:0.0003s ]
SQL: SELECT * FROM `icon_area_manager` WHERE `id` = 0 LIMIT 1   [ RunTime:0.0002s ]
SQL: SELECT * FROM `icon_area_manager` WHERE `id` = 0 LIMIT 1   [ RunTime:0.0003s ]
SQL: SELECT * FROM `icon_area_manager` WHERE `id` = 0 LIMIT 1   [ RunTime:0.0003s ]
SQL: SELECT * FROM `icon_area_manager` WHERE `id` = 0 LIMIT 1   [ RunTime:0.0002s ]
SQL: SELECT * FROM `icon_area_manager` WHERE `id` = 0 LIMIT 1   [ RunTime:0.0002s ]
SQL: SELECT * FROM `icon_area_manager` WHERE `id` = 0 LIMIT 1   [ RunTime:0.0006s ]
SQL: UPDATE `product` SET `visit_num`=visit_num+1 WHERE `id` = 129 [ RunTime:0.0004s ]
SQL: SELECT * FROM `product` WHERE `id` = 129 LIMIT 1   [ RunTime:0.0003s ]
SQL: SELECT * FROM `vendors` WHERE `id` = 3 LIMIT 1   [ RunTime:0.0003s ]
SQL: SELECT * FROM `product_detail_images` WHERE `product_id` = 129  [ RunTime:0.0021s ]
SQL: SELECT * FROM `package` WHERE `product_id` = 129 AND `is_show` = 1 ORDER BY package_no asc  [ RunTime:0.0005s ]
SQL: SELECT * FROM `package_add_value_service` WHERE `package_id` = 212  [ RunTime:0.0006s ]
SQL: SHOW COLUMNS FROM `system_seting` [ RunTime:0.0026s ]
SQL: SELECT * FROM `system_seting` WHERE `name` = 'rate' LIMIT 1   [ RunTime:0.0003s ]
SQL: SHOW COLUMNS FROM `user_collection` [ RunTime:0.0039s ]
SQL: SELECT * FROM `user_collection` WHERE `uid` = 0 AND `package_id` = 212 LIMIT 1   [ RunTime:0.0003s ]
SQL: SELECT * FROM `package_add_value_service` WHERE `package_id` = 213  [ RunTime:0.0004s ]
SQL: SELECT * FROM `system_seting` WHERE `name` = 'rate' LIMIT 1   [ RunTime:0.0003s ]
SQL: SELECT * FROM `user_collection` WHERE `uid` = 0 AND `package_id` = 213 LIMIT 1   [ RunTime:0.0003s ]
SQL: SHOW COLUMNS FROM `product_attr_relational` [ RunTime:0.0029s ]
SQL: SELECT * FROM product_attr_relational as a INNER JOIN product_category_attr as p on a.attr_id = p.id  WHERE ( a.product_id='129' and p.is_detail = 1 )  [ RunTime:0.0005s ]
SQL: SELECT * FROM `icon_manager` WHERE `id` = 14 LIMIT 1   [ RunTime:0.0003s ]
SQL: SELECT * FROM `product_category_attr_option` WHERE `id` = 32 LIMIT 1   [ RunTime:0.0003s ]
SQL: SELECT * FROM `icon_manager` WHERE `id` = 1 LIMIT 1   [ RunTime:0.0002s ]
SQL: SELECT * FROM `icon_manager` WHERE `id` = 16 LIMIT 1   [ RunTime:0.0002s ]
SQL: SELECT * FROM `product_category_attr_option` WHERE `id` = 29 LIMIT 1   [ RunTime:0.0002s ]
SQL: SELECT * FROM `icon_manager` WHERE `id` = 2 LIMIT 1   [ RunTime:0.0004s ]
SQL: SHOW COLUMNS FROM `product_attr_relational` [ RunTime:0.0032s ]
SQL: SELECT * FROM product_attr_relational as a INNER JOIN product_category_attr as p on a.attr_id = p.id  WHERE ( a.product_id='129' and p.is_detail = 0 )  [ RunTime:0.0005s ]
SQL: SELECT * FROM `product_category_attr_option` WHERE `attr_id` = 36  [ RunTime:0.0004s ]
SQL: SELECT `value` FROM `product_attr_relational` WHERE `attr_id` = 36 AND `product_id` = 129 LIMIT 1   [ RunTime:0.0003s ]
SQL: SELECT * FROM `product_category_attr_option` WHERE `attr_id` = 35  [ RunTime:0.0003s ]
SQL: SELECT `value` FROM `product_attr_relational` WHERE `attr_id` = 35 AND `product_id` = 129 LIMIT 1   [ RunTime:0.0003s ]
SQL: SELECT * FROM `product_category_attr_option` WHERE `attr_id` = 37  [ RunTime:0.0005s ]
SQL: SELECT `value` FROM `product_attr_relational` WHERE `attr_id` = 37 AND `product_id` = 129 LIMIT 1   [ RunTime:0.0003s ]
SQL: SELECT * FROM `notice` WHERE `product_id` = 129 LIMIT 1   [ RunTime:0.0120s ]
SQL: SHOW COLUMNS FROM `product` [ RunTime:0.0035s ]
SQL: SELECT p.* FROM product p INNER JOIN package k on p.id=k.product_id  WHERE p.is_del = '0' AND k.is_show = '1' AND k.is_del = '0' AND k.area_id = '1' ORDER BY rand() LIMIT 12   [ RunTime:0.0036s ]
SQL: SELECT * FROM `vendors` WHERE `id` = 65 LIMIT 1   [ RunTime:0.0004s ]
SQL: SELECT * FROM `product_category` WHERE `id` = 56 LIMIT 1   [ RunTime:0.0004s ]
SQL: SELECT min(price) as price from package where product_id = '196' [ RunTime:0.0003s ]
SQL: SELECT * FROM `system_seting` WHERE `name` = 'rate' LIMIT 1   [ RunTime:0.0002s ]
SQL: SHOW COLUMNS FROM `product_attr_relational` [ RunTime:0.0025s ]
SQL: SELECT * FROM product_attr_relational as a INNER JOIN product_category_attr as p on a.attr_id = p.id  WHERE ( a.product_id='196' and p.is_detail = 1 )  [ RunTime:0.0004s ]
SQL: SELECT * FROM `vendors` WHERE `id` = 3 LIMIT 1   [ RunTime:0.0003s ]
SQL: SELECT * FROM `product_category` WHERE `id` = 56 LIMIT 1   [ RunTime:0.0006s ]
SQL: SELECT min(price) as price from package where product_id = '133' [ RunTime:0.0004s ]
SQL: SELECT * FROM `system_seting` WHERE `name` = 'rate' LIMIT 1   [ RunTime:0.0003s ]
SQL: SHOW COLUMNS FROM `product_attr_relational` [ RunTime:0.0025s ]
SQL: SELECT * FROM product_attr_relational as a INNER JOIN product_category_attr as p on a.attr_id = p.id  WHERE ( a.product_id='133' and p.is_detail = 1 )  [ RunTime:0.0004s ]
SQL: SELECT * FROM `product_category_attr_option` WHERE `id` = 33 LIMIT 1   [ RunTime:0.0003s ]
SQL: SELECT * FROM `vendors` WHERE `id` = 53 LIMIT 1   [ RunTime:0.0003s ]
SQL: SELECT * FROM `product_category` WHERE `id` = 55 LIMIT 1   [ RunTime:0.0005s ]
SQL: SELECT min(price) as price from package where product_id = '169' [ RunTime:0.0004s ]
SQL: SELECT * FROM `system_seting` WHERE `name` = 'rate' LIMIT 1   [ RunTime:0.0003s ]
SQL: SHOW COLUMNS FROM `product_attr_relational` [ RunTime:0.0031s ]
SQL: SELECT * FROM product_attr_relational as a INNER JOIN product_category_attr as p on a.attr_id = p.id  WHERE ( a.product_id='169' and p.is_detail = 1 )  [ RunTime:0.0005s ]
SQL: SELECT * FROM `product_category_attr_option` WHERE `id` = 29 LIMIT 1   [ RunTime:0.0003s ]
SQL: SELECT * FROM `vendors` WHERE `id` = 1 LIMIT 1   [ RunTime:0.0003s ]
SQL: SELECT * FROM `product_category` WHERE `id` = 55 LIMIT 1   [ RunTime:0.0003s ]
SQL: SELECT min(price) as price from package where product_id = '166' [ RunTime:0.0004s ]
SQL: SELECT * FROM `system_seting` WHERE `name` = 'rate' LIMIT 1   [ RunTime:0.0003s ]
SQL: SHOW COLUMNS FROM `product_attr_relational` [ RunTime:0.0026s ]
SQL: SELECT * FROM product_attr_relational as a INNER JOIN product_category_attr as p on a.attr_id = p.id  WHERE ( a.product_id='166' and p.is_detail = 1 )  [ RunTime:0.0005s ]
SQL: SELECT * FROM `product_category_attr_option` WHERE `id` = 35 LIMIT 1   [ RunTime:0.0003s ]
SQL: SELECT * FROM `vendors` WHERE `id` = 5 LIMIT 1   [ RunTime:0.0003s ]
SQL: SELECT * FROM `product_category` WHERE `id` = 55 LIMIT 1   [ RunTime:0.0004s ]
SQL: SELECT min(price) as price from package where product_id = '177' [ RunTime:0.0004s ]
SQL: SELECT * FROM `system_seting` WHERE `name` = 'rate' LIMIT 1   [ RunTime:0.0003s ]
SQL: SHOW COLUMNS FROM `product_attr_relational` [ RunTime:0.0026s ]
SQL: SELECT * FROM product_attr_relational as a INNER JOIN product_category_attr as p on a.attr_id = p.id  WHERE ( a.product_id='177' and p.is_detail = 1 )  [ RunTime:0.0005s ]
SQL: SELECT * FROM `product_category_attr_option` WHERE `id` = 33 LIMIT 1   [ RunTime:0.0003s ]
SQL: SELECT * FROM `vendors` WHERE `id` = 53 LIMIT 1   [ RunTime:0.0002s ]
SQL: SELECT * FROM `product_category` WHERE `id` = 55 LIMIT 1   [ RunTime:0.0003s ]
SQL: SELECT min(price) as price from package where product_id = '169' [ RunTime:0.0005s ]
SQL: SELECT * FROM `system_seting` WHERE `name` = 'rate' LIMIT 1   [ RunTime:0.0003s ]
SQL: SHOW COLUMNS FROM `product_attr_relational` [ RunTime:0.0026s ]
SQL: SELECT * FROM product_attr_relational as a INNER JOIN product_category_attr as p on a.attr_id = p.id  WHERE ( a.product_id='169' and p.is_detail = 1 )  [ RunTime:0.0005s ]
SQL: SELECT * FROM `product_category_attr_option` WHERE `id` = 29 LIMIT 1   [ RunTime:0.0003s ]
SQL: SELECT * FROM `vendors` WHERE `id` = 33 LIMIT 1   [ RunTime:0.0003s ]
SQL: SELECT * FROM `product_category` WHERE `id` = 56 LIMIT 1   [ RunTime:0.0002s ]
SQL: SELECT min(price) as price from package where product_id = '188' [ RunTime:0.0004s ]
SQL: SELECT * FROM `system_seting` WHERE `name` = 'rate' LIMIT 1   [ RunTime:0.0003s ]
SQL: SHOW COLUMNS FROM `product_attr_relational` [ RunTime:0.0028s ]
SQL: SELECT * FROM product_attr_relational as a INNER JOIN product_category_attr as p on a.attr_id = p.id  WHERE ( a.product_id='188' and p.is_detail = 1 )  [ RunTime:0.0004s ]
SQL: SELECT * FROM `product_category_attr_option` WHERE `id` = 29 LIMIT 1   [ RunTime:0.0003s ]
SQL: SELECT * FROM `vendors` WHERE `id` = 53 LIMIT 1   [ RunTime:0.0003s ]
SQL: SELECT * FROM `product_category` WHERE `id` = 55 LIMIT 1   [ RunTime:0.0003s ]
SQL: SELECT min(price) as price from package where product_id = '168' [ RunTime:0.0005s ]
SQL: SELECT * FROM `system_seting` WHERE `name` = 'rate' LIMIT 1   [ RunTime:0.0003s ]
SQL: SHOW COLUMNS FROM `product_attr_relational` [ RunTime:0.0028s ]
SQL: SELECT * FROM product_attr_relational as a INNER JOIN product_category_attr as p on a.attr_id = p.id  WHERE ( a.product_id='168' and p.is_detail = 1 )  [ RunTime:0.0005s ]
SQL: SELECT * FROM `product_category_attr_option` WHERE `id` = 35 LIMIT 1   [ RunTime:0.0003s ]
SQL: SELECT * FROM `vendors` WHERE `id` = 6 LIMIT 1   [ RunTime:0.0003s ]
SQL: SELECT * FROM `product_category` WHERE `id` = 55 LIMIT 1   [ RunTime:0.0003s ]
SQL: SELECT min(price) as price from package where product_id = '190' [ RunTime:0.0004s ]
SQL: SELECT * FROM `system_seting` WHERE `name` = 'rate' LIMIT 1   [ RunTime:0.0002s ]
SQL: SHOW COLUMNS FROM `product_attr_relational` [ RunTime:0.0026s ]
SQL: SELECT * FROM product_attr_relational as a INNER JOIN product_category_attr as p on a.attr_id = p.id  WHERE ( a.product_id='190' and p.is_detail = 1 )  [ RunTime:0.0004s ]
SQL: SELECT * FROM `product_category_attr_option` WHERE `id` = 35 LIMIT 1   [ RunTime:0.0003s ]
SQL: SELECT * FROM `vendors` WHERE `id` = 62 LIMIT 1   [ RunTime:0.0003s ]
SQL: SELECT * FROM `product_category` WHERE `id` = 56 LIMIT 1   [ RunTime:0.0002s ]
SQL: SELECT min(price) as price from package where product_id = '201' [ RunTime:0.0005s ]
SQL: SELECT * FROM `system_seting` WHERE `name` = 'rate' LIMIT 1   [ RunTime:0.0003s ]
SQL: SHOW COLUMNS FROM `product_attr_relational` [ RunTime:0.0027s ]
SQL: SELECT * FROM product_attr_relational as a INNER JOIN product_category_attr as p on a.attr_id = p.id  WHERE ( a.product_id='201' and p.is_detail = 1 )  [ RunTime:0.0005s ]
SQL: SELECT * FROM `vendors` WHERE `id` = 4 LIMIT 1   [ RunTime:0.0003s ]
SQL: SELECT * FROM `product_category` WHERE `id` = 55 LIMIT 1   [ RunTime:0.0003s ]
SQL: SELECT min(price) as price from package where product_id = '167' [ RunTime:0.0003s ]
SQL: SELECT * FROM `system_seting` WHERE `name` = 'rate' LIMIT 1   [ RunTime:0.0003s ]
SQL: SHOW COLUMNS FROM `product_attr_relational` [ RunTime:0.0028s ]
SQL: SELECT * FROM product_attr_relational as a INNER JOIN product_category_attr as p on a.attr_id = p.id  WHERE ( a.product_id='167' and p.is_detail = 1 )  [ RunTime:0.0004s ]
SQL: SELECT * FROM `product_category_attr_option` WHERE `id` = 30 LIMIT 1   [ RunTime:0.0003s ]
SQL: SELECT * FROM `vendors` WHERE `id` = 65 LIMIT 1   [ RunTime:0.0003s ]
SQL: SELECT * FROM `product_category` WHERE `id` = 56 LIMIT 1   [ RunTime:0.0003s ]
SQL: SELECT min(price) as price from package where product_id = '196' [ RunTime:0.0003s ]
SQL: SELECT * FROM `system_seting` WHERE `name` = 'rate' LIMIT 1   [ RunTime:0.0003s ]
SQL: SHOW COLUMNS FROM `product_attr_relational` [ RunTime:0.0026s ]
SQL: SELECT * FROM product_attr_relational as a INNER JOIN product_category_attr as p on a.attr_id = p.id  WHERE ( a.product_id='196' and p.is_detail = 1 )  [ RunTime:0.0004s ]
INFO: [ view_parse ] --START--
INFO: [ template_filter ] --START--
INFO: Run Behavior\ContentReplaceBehavior [ RunTime:0.000448s ]
INFO: [ template_filter ] --END-- [ RunTime:0.001026s ]
NOTIC: [8] Undefined index: option D:\www\dev_wederful\Runtime\Cache\Home\53ee976beb7beaae7faa0b253dd76cff.php 第 652 行.
NOTIC: [8] Undefined index: option D:\www\dev_wederful\Runtime\Cache\Home\53ee976beb7beaae7faa0b253dd76cff.php 第 652 行.
NOTIC: [8] Undefined index: option D:\www\dev_wederful\Runtime\Cache\Home\53ee976beb7beaae7faa0b253dd76cff.php 第 652 行.
INFO: Run Behavior\ParseTemplateBehavior [ RunTime:0.179877s ]
INFO: [ view_parse ] --END-- [ RunTime:0.180441s ]
INFO: [ view_filter ] --START--
INFO: Run Behavior\WriteHtmlCacheBehavior [ RunTime:0.000568s ]
INFO: [ view_filter ] --END-- [ RunTime:0.001095s ]
INFO: [ app_end ] --START--
INFO: Run Behavior\ShowPageTraceBehavior [ RunTime:0.000891s ]
INFO: [ app_end ] --END-- [ RunTime:0.001507s ]

[ 2015-12-25T13:42:32+08:00 ] ::1 /dev_wederful/User/collectionPackage
INFO: [ app_init ] --START--
INFO: Run Behavior\BuildLiteBehavior [ RunTime:0.000121s ]
INFO: [ app_init ] --END-- [ RunTime:0.000947s ]
INFO: [ app_begin ] --START--
INFO: Run Behavior\ReadHtmlCacheBehavior [ RunTime:0.000652s ]
INFO: Run Behavior\CheckLangBehavior [ RunTime:0.002242s ]
INFO: [ app_begin ] --END-- [ RunTime:0.003592s ]
NOTIC: [2] Missing argument 1 for I(), called in D:\www\dev_wederful\Application\Home\Controller\UserController.class.php on line 38 and defined D:\www\dev_wederful\ThinkPHP\Common\functions.php 第 271 行.
NOTIC: [8] Undefined variable: name D:\www\dev_wederful\ThinkPHP\Common\functions.php 第 273 行.
NOTIC: [8] Undefined variable: name D:\www\dev_wederful\ThinkPHP\Common\functions.php 第 278 行.
NOTIC: [8] Undefined variable: name D:\www\dev_wederful\ThinkPHP\Common\functions.php 第 339 行.

[ 2015-12-25T13:42:35+08:00 ] ::1 /dev_wederful/User/collectionPackage
INFO: [ app_init ] --START--
INFO: Run Behavior\BuildLiteBehavior [ RunTime:0.000118s ]
INFO: [ app_init ] --END-- [ RunTime:0.000968s ]
INFO: [ app_begin ] --START--
INFO: Run Behavior\ReadHtmlCacheBehavior [ RunTime:0.000633s ]
INFO: Run Behavior\CheckLangBehavior [ RunTime:0.002211s ]
INFO: [ app_begin ] --END-- [ RunTime:0.003498s ]
NOTIC: [2] Missing argument 1 for I(), called in D:\www\dev_wederful\Application\Home\Controller\UserController.class.php on line 38 and defined D:\www\dev_wederful\ThinkPHP\Common\functions.php 第 271 行.
NOTIC: [8] Undefined variable: name D:\www\dev_wederful\ThinkPHP\Common\functions.php 第 273 行.
NOTIC: [8] Undefined variable: name D:\www\dev_wederful\ThinkPHP\Common\functions.php 第 278 行.
NOTIC: [8] Undefined variable: name D:\www\dev_wederful\ThinkPHP\Common\functions.php 第 339 行.

[ 2015-12-25T13:52:56+08:00 ] ::1 /dev_wederful/lovelyplanet
INFO: [ app_init ] --START--
INFO: Run Behavior\BuildLiteBehavior [ RunTime:0.000143s ]
INFO: [ app_init ] --END-- [ RunTime:0.001089s ]
NOTIC: [8] Undefined variable: categoryid D:\www\dev_wederful\Application\Common\Conf\local.php 第 34 行.
INFO: [ app_begin ] --START--
INFO: Run Behavior\ReadHtmlCacheBehavior [ RunTime:0.000705s ]
INFO: Run Behavior\CheckLangBehavior [ RunTime:0.002726s ]
INFO: [ app_begin ] --END-- [ RunTime:0.004557s ]
NOTIC: [2] Missing argument 1 for I(), called in D:\www\dev_wederful\Application\Home\Controller\ArticleController.class.php on line 12 and defined D:\www\dev_wederful\ThinkPHP\Common\functions.php 第 271 行.
NOTIC: [8] Undefined variable: name D:\www\dev_wederful\ThinkPHP\Common\functions.php 第 273 行.
NOTIC: [8] Undefined variable: name D:\www\dev_wederful\ThinkPHP\Common\functions.php 第 278 行.
NOTIC: [8] Undefined variable: name D:\www\dev_wederful\ThinkPHP\Common\functions.php 第 339 行.
SQL: SHOW COLUMNS FROM `article` [ RunTime:0.0035s ]
SQL: SHOW COLUMNS FROM `article_category` [ RunTime:0.0031s ]
SQL: SELECT * FROM `article_category`  [ RunTime:0.0003s ]
NOTIC: [8] Undefined index: category D:\www\dev_wederful\Application\Home\Controller\ArticleController.class.php 第 18 行.
SQL: SELECT * FROM `article` WHERE `is_show` = 1 AND `is_del` = 0 ORDER BY visit_num desc LIMIT 0,5   [ RunTime:0.0007s ]
SQL: SELECT COUNT(*) AS tp_count FROM `article` WHERE `is_show` = 1 AND `is_del` = 0 LIMIT 1   [ RunTime:0.0006s ]
SQL: SELECT * FROM `article` WHERE `is_show` = 1 AND `is_del` = 0 ORDER BY is_top desc LIMIT 0,10   [ RunTime:0.0008s ]
INFO: [ view_parse ] --START--
INFO: [ template_filter ] --START--
INFO: Run Behavior\ContentReplaceBehavior [ RunTime:0.000321s ]
INFO: [ template_filter ] --END-- [ RunTime:0.000876s ]
INFO: Run Behavior\ParseTemplateBehavior [ RunTime:0.075504s ]
INFO: [ view_parse ] --END-- [ RunTime:0.076244s ]
INFO: [ view_filter ] --START--
INFO: Run Behavior\WriteHtmlCacheBehavior [ RunTime:0.000717s ]
INFO: [ view_filter ] --END-- [ RunTime:0.001284s ]
INFO: [ app_end ] --START--
INFO: Run Behavior\ShowPageTraceBehavior [ RunTime:0.000789s ]
INFO: [ app_end ] --END-- [ RunTime:0.001320s ]

[ 2015-12-25T13:53:01+08:00 ] ::1 /dev_wederful/lovelyplanet/id/7
INFO: [ app_init ] --START--
INFO: Run Behavior\BuildLiteBehavior [ RunTime:0.000274s ]
INFO: [ app_init ] --END-- [ RunTime:0.001462s ]
INFO: [ app_begin ] --START--
INFO: Run Behavior\ReadHtmlCacheBehavior [ RunTime:0.000716s ]
INFO: Run Behavior\CheckLangBehavior [ RunTime:0.003252s ]
INFO: [ app_begin ] --END-- [ RunTime:0.004818s ]
NOTIC: [2] Missing argument 1 for I(), called in D:\www\dev_wederful\Application\Home\Controller\ArticleController.class.php on line 40 and defined D:\www\dev_wederful\ThinkPHP\Common\functions.php 第 271 行.
NOTIC: [8] Undefined variable: name D:\www\dev_wederful\ThinkPHP\Common\functions.php 第 273 行.
NOTIC: [8] Undefined variable: name D:\www\dev_wederful\ThinkPHP\Common\functions.php 第 278 行.
NOTIC: [8] Undefined variable: name D:\www\dev_wederful\ThinkPHP\Common\functions.php 第 339 行.
SQL: SHOW COLUMNS FROM `article` [ RunTime:0.0031s ]
SQL: SHOW COLUMNS FROM `article_tags` [ RunTime:0.0033s ]
SQL: SHOW COLUMNS FROM `article_tags_relational` [ RunTime:0.0029s ]
SQL: SHOW COLUMNS FROM `article_category` [ RunTime:0.0031s ]
SQL: SELECT * FROM `article_category`  [ RunTime:0.0004s ]
SQL: UPDATE `article` SET `visit_num`=visit_num+1 WHERE `id` = 7 [ RunTime:0.0004s ]
SQL: SELECT * FROM `article` WHERE `id` = 7 LIMIT 1   [ RunTime:0.0003s ]
SQL: SELECT * FROM `article` WHERE `is_show` = 1 AND `is_del` = 0 ORDER BY visit_num desc LIMIT 0,5   [ RunTime:0.0007s ]
SQL: SELECT * FROM `article_tags_relational` WHERE `article_id` = 7  [ RunTime:0.0003s ]
SQL: SELECT * FROM `article_tags` WHERE `id` = 20 LIMIT 1   [ RunTime:0.0005s ]
SQL: SELECT * FROM `article_tags` WHERE `id` = 16 LIMIT 1   [ RunTime:0.0004s ]
SQL: SELECT * FROM `article_tags` WHERE `id` = 15 LIMIT 1   [ RunTime:0.0003s ]
SQL: SELECT * FROM `article_tags` WHERE `id` = 10 LIMIT 1   [ RunTime:0.0002s ]
SQL: SELECT * FROM `article_tags` WHERE `id` = 9 LIMIT 1   [ RunTime:0.0003s ]
SQL: SELECT * FROM `article_tags` WHERE `id` = 8 LIMIT 1   [ RunTime:0.0003s ]
SQL: SELECT * FROM `article_tags` WHERE `id` = 7 LIMIT 1   [ RunTime:0.0002s ]
SQL: SELECT * FROM `article_tags` WHERE `id` = 6 LIMIT 1   [ RunTime:0.0003s ]
SQL: SELECT DISTINCT  `article_id` FROM `article_tags_relational` WHERE ( `tags_id` = '20' OR `tags_id` = '16' OR `tags_id` = '15' OR `tags_id` = '10' OR `tags_id` = '9' OR `tags_id` = '8' OR `tags_id` = '7' OR `tags_id` = '6' ) AND `article_id` <> '7'  [ RunTime:0.0005s ]
SQL: SELECT * FROM `article` WHERE `id` IN ('6','8','9','10','11','12','13','14','15','16','18','19','21','22','26','29','30','36','40','41','42','43','56','57','58','60','67','72','73') AND `is_show` = 1 LIMIT 0,2   [ RunTime:0.0004s ]
INFO: [ view_parse ] --START--
INFO: [ template_filter ] --START--
INFO: Run Behavior\ContentReplaceBehavior [ RunTime:0.000440s ]
INFO: [ template_filter ] --END-- [ RunTime:0.000998s ]
INFO: Run Behavior\ParseTemplateBehavior [ RunTime:0.073188s ]
INFO: [ view_parse ] --END-- [ RunTime:0.073788s ]
INFO: [ view_filter ] --START--
INFO: Run Behavior\WriteHtmlCacheBehavior [ RunTime:0.000659s ]
INFO: [ view_filter ] --END-- [ RunTime:0.001340s ]
INFO: [ app_end ] --START--
INFO: Run Behavior\ShowPageTraceBehavior [ RunTime:0.000702s ]
INFO: [ app_end ] --END-- [ RunTime:0.001275s ]

[ 2015-12-25T13:55:03+08:00 ] ::1 /dev_wederful/lovelyplanet/id/7
INFO: [ app_init ] --START--
INFO: Run Behavior\BuildLiteBehavior [ RunTime:0.000146s ]
INFO: [ app_init ] --END-- [ RunTime:0.001408s ]
INFO: [ app_begin ] --START--
INFO: Run Behavior\ReadHtmlCacheBehavior [ RunTime:0.000764s ]
INFO: Run Behavior\CheckLangBehavior [ RunTime:0.002359s ]
INFO: [ app_begin ] --END-- [ RunTime:0.003987s ]
NOTIC: [2] Missing argument 1 for I(), called in D:\www\dev_wederful\Application\Home\Controller\ArticleController.class.php on line 40 and defined D:\www\dev_wederful\ThinkPHP\Common\functions.php 第 271 行.
NOTIC: [8] Undefined variable: name D:\www\dev_wederful\ThinkPHP\Common\functions.php 第 273 行.
NOTIC: [8] Undefined variable: name D:\www\dev_wederful\ThinkPHP\Common\functions.php 第 278 行.
NOTIC: [8] Undefined variable: name D:\www\dev_wederful\ThinkPHP\Common\functions.php 第 339 行.
SQL: SHOW COLUMNS FROM `article` [ RunTime:0.0030s ]
SQL: SHOW COLUMNS FROM `article_tags` [ RunTime:0.0025s ]
SQL: SHOW COLUMNS FROM `article_tags_relational` [ RunTime:0.0026s ]
SQL: SHOW COLUMNS FROM `article_category` [ RunTime:0.0027s ]
SQL: SELECT * FROM `article_category`  [ RunTime:0.0003s ]
SQL: UPDATE `article` SET `visit_num`=visit_num+1 WHERE `id` = 7 [ RunTime:0.0003s ]
SQL: SELECT * FROM `article` WHERE `id` = 7 LIMIT 1   [ RunTime:0.0003s ]
SQL: SELECT * FROM `article` WHERE `is_show` = 1 AND `is_del` = 0 ORDER BY visit_num desc LIMIT 0,5   [ RunTime:0.0007s ]
SQL: SELECT * FROM `article_tags_relational` WHERE `article_id` = 7  [ RunTime:0.0003s ]
SQL: SELECT * FROM `article_tags` WHERE `id` = 20 LIMIT 1   [ RunTime:0.0003s ]
SQL: SELECT * FROM `article_tags` WHERE `id` = 16 LIMIT 1   [ RunTime:0.0004s ]
SQL: SELECT * FROM `article_tags` WHERE `id` = 15 LIMIT 1   [ RunTime:0.0003s ]
SQL: SELECT * FROM `article_tags` WHERE `id` = 10 LIMIT 1   [ RunTime:0.0002s ]
SQL: SELECT * FROM `article_tags` WHERE `id` = 9 LIMIT 1   [ RunTime:0.0003s ]
SQL: SELECT * FROM `article_tags` WHERE `id` = 8 LIMIT 1   [ RunTime:0.0005s ]
SQL: SELECT * FROM `article_tags` WHERE `id` = 7 LIMIT 1   [ RunTime:0.0003s ]
SQL: SELECT * FROM `article_tags` WHERE `id` = 6 LIMIT 1   [ RunTime:0.0003s ]
SQL: SELECT DISTINCT  `article_id` FROM `article_tags_relational` WHERE ( `tags_id` = '20' OR `tags_id` = '16' OR `tags_id` = '15' OR `tags_id` = '10' OR `tags_id` = '9' OR `tags_id` = '8' OR `tags_id` = '7' OR `tags_id` = '6' ) AND `article_id` <> '7'  [ RunTime:0.0005s ]
SQL: SELECT * FROM `article` WHERE `id` IN ('6','8','9','10','11','12','13','14','15','16','18','19','21','22','26','29','30','36','40','41','42','43','56','57','58','60','67','72','73') AND `is_show` = 1 LIMIT 0,2   [ RunTime:0.0004s ]
INFO: [ view_parse ] --START--
INFO: [ template_filter ] --START--
INFO: Run Behavior\ContentReplaceBehavior [ RunTime:0.000338s ]
INFO: [ template_filter ] --END-- [ RunTime:0.000922s ]
INFO: Run Behavior\ParseTemplateBehavior [ RunTime:0.072480s ]
INFO: [ view_parse ] --END-- [ RunTime:0.073021s ]
INFO: [ view_filter ] --START--
INFO: Run Behavior\WriteHtmlCacheBehavior [ RunTime:0.000638s ]
INFO: [ view_filter ] --END-- [ RunTime:0.001181s ]
INFO: [ app_end ] --START--
INFO: Run Behavior\ShowPageTraceBehavior [ RunTime:0.000718s ]
INFO: [ app_end ] --END-- [ RunTime:0.001249s ]

[ 2015-12-25T13:55:14+08:00 ] ::1 /dev_wederful/lovelyplanet/inspired
INFO: [ app_init ] --START--
INFO: Run Behavior\BuildLiteBehavior [ RunTime:0.000118s ]
INFO: [ app_init ] --END-- [ RunTime:0.001060s ]
INFO: [ app_begin ] --START--
INFO: Run Behavior\ReadHtmlCacheBehavior [ RunTime:0.000794s ]
INFO: Run Behavior\CheckLangBehavior [ RunTime:0.002511s ]
INFO: [ app_begin ] --END-- [ RunTime:0.004181s ]
NOTIC: [2] Missing argument 1 for I(), called in D:\www\dev_wederful\Application\Home\Controller\ArticleController.class.php on line 12 and defined D:\www\dev_wederful\ThinkPHP\Common\functions.php 第 271 行.
NOTIC: [8] Undefined variable: name D:\www\dev_wederful\ThinkPHP\Common\functions.php 第 273 行.
NOTIC: [8] Undefined variable: name D:\www\dev_wederful\ThinkPHP\Common\functions.php 第 278 行.
NOTIC: [8] Undefined variable: name D:\www\dev_wederful\ThinkPHP\Common\functions.php 第 339 行.
SQL: SHOW COLUMNS FROM `article` [ RunTime:0.0029s ]
SQL: SHOW COLUMNS FROM `article_category` [ RunTime:0.0027s ]
SQL: SELECT * FROM `article_category`  [ RunTime:0.0003s ]
SQL: SELECT * FROM `article` WHERE `is_show` = 1 AND `is_del` = 0 ORDER BY visit_num desc LIMIT 0,5   [ RunTime:0.0009s ]
SQL: SELECT COUNT(*) AS tp_count FROM `article` WHERE `is_show` = 1 AND `is_del` = 0 AND `category_id` = 1 LIMIT 1   [ RunTime:0.0005s ]
SQL: SELECT * FROM `article` WHERE `is_show` = 1 AND `is_del` = 0 AND `category_id` = 1 ORDER BY is_top desc LIMIT 0,10   [ RunTime:0.0008s ]
INFO: [ view_parse ] --START--
INFO: [ template_filter ] --START--
INFO: Run Behavior\ContentReplaceBehavior [ RunTime:0.000338s ]
INFO: [ template_filter ] --END-- [ RunTime:0.000921s ]
INFO: Run Behavior\ParseTemplateBehavior [ RunTime:0.078469s ]
INFO: [ view_parse ] --END-- [ RunTime:0.079033s ]
INFO: [ view_filter ] --START--
INFO: Run Behavior\WriteHtmlCacheBehavior [ RunTime:0.000634s ]
INFO: [ view_filter ] --END-- [ RunTime:0.001209s ]
INFO: [ app_end ] --START--
INFO: Run Behavior\ShowPageTraceBehavior [ RunTime:0.000731s ]
INFO: [ app_end ] --END-- [ RunTime:0.001262s ]

[ 2015-12-25T13:55:16+08:00 ] ::1 /dev_wederful/lovelyplanet/id/14
INFO: [ app_init ] --START--
INFO: Run Behavior\BuildLiteBehavior [ RunTime:0.000120s ]
INFO: [ app_init ] --END-- [ RunTime:0.001006s ]
INFO: [ app_begin ] --START--
INFO: Run Behavior\ReadHtmlCacheBehavior [ RunTime:0.000726s ]
INFO: Run Behavior\CheckLangBehavior [ RunTime:0.002779s ]
INFO: [ app_begin ] --END-- [ RunTime:0.004330s ]
NOTIC: [2] Missing argument 1 for I(), called in D:\www\dev_wederful\Application\Home\Controller\ArticleController.class.php on line 40 and defined D:\www\dev_wederful\ThinkPHP\Common\functions.php 第 271 行.
NOTIC: [8] Undefined variable: name D:\www\dev_wederful\ThinkPHP\Common\functions.php 第 273 行.
NOTIC: [8] Undefined variable: name D:\www\dev_wederful\ThinkPHP\Common\functions.php 第 278 行.
NOTIC: [8] Undefined variable: name D:\www\dev_wederful\ThinkPHP\Common\functions.php 第 339 行.
SQL: SHOW COLUMNS FROM `article` [ RunTime:0.0034s ]
SQL: SHOW COLUMNS FROM `article_tags` [ RunTime:0.0026s ]
SQL: SHOW COLUMNS FROM `article_tags_relational` [ RunTime:0.0025s ]
SQL: SHOW COLUMNS FROM `article_category` [ RunTime:0.0025s ]
SQL: SELECT * FROM `article_category`  [ RunTime:0.0004s ]
SQL: UPDATE `article` SET `visit_num`=visit_num+1 WHERE `id` = 14 [ RunTime:0.0004s ]
SQL: SELECT * FROM `article` WHERE `id` = 14 LIMIT 1   [ RunTime:0.0003s ]
SQL: SELECT * FROM `article` WHERE `is_show` = 1 AND `is_del` = 0 ORDER BY visit_num desc LIMIT 0,5   [ RunTime:0.0007s ]
SQL: SELECT * FROM `article_tags_relational` WHERE `article_id` = 14  [ RunTime:0.0003s ]
SQL: SELECT * FROM `article_tags` WHERE `id` = 29 LIMIT 1   [ RunTime:0.0003s ]
SQL: SELECT * FROM `article_tags` WHERE `id` = 27 LIMIT 1   [ RunTime:0.0003s ]
SQL: SELECT * FROM `article_tags` WHERE `id` = 26 LIMIT 1   [ RunTime:0.0003s ]
SQL: SELECT * FROM `article_tags` WHERE `id` = 21 LIMIT 1   [ RunTime:0.0003s ]
SQL: SELECT * FROM `article_tags` WHERE `id` = 20 LIMIT 1   [ RunTime:0.0002s ]
SQL: SELECT DISTINCT  `article_id` FROM `article_tags_relational` WHERE ( `tags_id` = '29' OR `tags_id` = '27' OR `tags_id` = '26' OR `tags_id` = '21' OR `tags_id` = '20' ) AND `article_id` <> '14'  [ RunTime:0.0004s ]
SQL: SELECT * FROM `article` WHERE `id` IN ('7','8','9','10','11','12','13','15','16','18','17','19','20','21','22','24','26','29','30','31','33','34','35','36','37','38','40','41','42','43','44','45','46','49','58','60','61','62','63','67','69','70','71','72','73','74','75') AND `is_show` = 1 LIMIT 0,2   [ RunTime:0.0008s ]
INFO: [ view_parse ] --START--
INFO: [ template_filter ] --START--
INFO: Run Behavior\ContentReplaceBehavior [ RunTime:0.000336s ]
INFO: [ template_filter ] --END-- [ RunTime:0.000891s ]
INFO: Run Behavior\ParseTemplateBehavior [ RunTime:0.072656s ]
INFO: [ view_parse ] --END-- [ RunTime:0.073220s ]
INFO: [ view_filter ] --START--
INFO: Run Behavior\WriteHtmlCacheBehavior [ RunTime:0.000654s ]
INFO: [ view_filter ] --END-- [ RunTime:0.001229s ]
INFO: [ app_end ] --START--
INFO: Run Behavior\ShowPageTraceBehavior [ RunTime:0.000788s ]
INFO: [ app_end ] --END-- [ RunTime:0.001361s ]

[ 2015-12-25T13:56:19+08:00 ] ::1 /dev_wederful/lovelyplanet/id/14
INFO: [ app_init ] --START--
INFO: Run Behavior\BuildLiteBehavior [ RunTime:0.000149s ]
INFO: [ app_init ] --END-- [ RunTime:0.001033s ]
INFO: [ app_begin ] --START--
INFO: Run Behavior\ReadHtmlCacheBehavior [ RunTime:0.000909s ]
INFO: Run Behavior\CheckLangBehavior [ RunTime:0.003063s ]
INFO: [ app_begin ] --END-- [ RunTime:0.005225s ]
NOTIC: [2] Missing argument 1 for I(), called in D:\www\dev_wederful\Application\Home\Controller\ArticleController.class.php on line 40 and defined D:\www\dev_wederful\ThinkPHP\Common\functions.php 第 271 行.
NOTIC: [8] Undefined variable: name D:\www\dev_wederful\ThinkPHP\Common\functions.php 第 273 行.
NOTIC: [8] Undefined variable: name D:\www\dev_wederful\ThinkPHP\Common\functions.php 第 278 行.
NOTIC: [8] Undefined variable: name D:\www\dev_wederful\ThinkPHP\Common\functions.php 第 339 行.
SQL: SHOW COLUMNS FROM `article` [ RunTime:0.0034s ]
SQL: SHOW COLUMNS FROM `article_tags` [ RunTime:0.0027s ]
SQL: SHOW COLUMNS FROM `article_tags_relational` [ RunTime:0.0026s ]
SQL: SHOW COLUMNS FROM `article_category` [ RunTime:0.0029s ]
SQL: SELECT * FROM `article_category`  [ RunTime:0.0004s ]
SQL: UPDATE `article` SET `visit_num`=visit_num+1 WHERE `id` = 14 [ RunTime:0.0004s ]
SQL: SELECT * FROM `article` WHERE `id` = 14 LIMIT 1   [ RunTime:0.0003s ]
SQL: SELECT * FROM `article` WHERE `is_show` = 1 AND `is_del` = 0 ORDER BY visit_num desc LIMIT 0,5   [ RunTime:0.0007s ]
SQL: SELECT * FROM `article_tags_relational` WHERE `article_id` = 14  [ RunTime:0.0003s ]
SQL: SELECT * FROM `article_tags` WHERE `id` = 29 LIMIT 1   [ RunTime:0.0003s ]
SQL: SELECT * FROM `article_tags` WHERE `id` = 27 LIMIT 1   [ RunTime:0.0003s ]
SQL: SELECT * FROM `article_tags` WHERE `id` = 26 LIMIT 1   [ RunTime:0.0005s ]
SQL: SELECT * FROM `article_tags` WHERE `id` = 21 LIMIT 1   [ RunTime:0.0003s ]
SQL: SELECT * FROM `article_tags` WHERE `id` = 20 LIMIT 1   [ RunTime:0.0002s ]
SQL: SELECT DISTINCT  `article_id` FROM `article_tags_relational` WHERE ( `tags_id` = '29' OR `tags_id` = '27' OR `tags_id` = '26' OR `tags_id` = '21' OR `tags_id` = '20' ) AND `article_id` <> '14'  [ RunTime:0.0005s ]
SQL: SELECT * FROM `article` WHERE `id` IN ('7','8','9','10','11','12','13','15','16','18','17','19','20','21','22','24','26','29','30','31','33','34','35','36','37','38','40','41','42','43','44','45','46','49','58','60','61','62','63','67','69','70','71','72','73','74','75') AND `is_show` = 1 LIMIT 0,2   [ RunTime:0.0008s ]
INFO: [ view_parse ] --START--
INFO: [ template_filter ] --START--
INFO: Run Behavior\ContentReplaceBehavior [ RunTime:0.000335s ]
INFO: [ template_filter ] --END-- [ RunTime:0.000889s ]
INFO: Run Behavior\ParseTemplateBehavior [ RunTime:0.072623s ]
INFO: [ view_parse ] --END-- [ RunTime:0.073148s ]
INFO: [ view_filter ] --START--
INFO: Run Behavior\WriteHtmlCacheBehavior [ RunTime:0.000642s ]
INFO: [ view_filter ] --END-- [ RunTime:0.001241s ]
INFO: [ app_end ] --START--
INFO: Run Behavior\ShowPageTraceBehavior [ RunTime:0.000834s ]
INFO: [ app_end ] --END-- [ RunTime:0.001574s ]

[ 2015-12-25T13:56:32+08:00 ] ::1 /dev_wederful/bali
INFO: [ app_init ] --START--
INFO: Run Behavior\BuildLiteBehavior [ RunTime:0.000138s ]
INFO: [ app_init ] --END-- [ RunTime:0.001018s ]
INFO: [ app_begin ] --START--
INFO: Run Behavior\ReadHtmlCacheBehavior [ RunTime:0.000823s ]
INFO: Run Behavior\CheckLangBehavior [ RunTime:0.002450s ]
INFO: [ app_begin ] --END-- [ RunTime:0.004176s ]
NOTIC: [2] Missing argument 1 for I(), called in D:\www\dev_wederful\Application\Home\Controller\ServiceController.class.php on line 8 and defined D:\www\dev_wederful\ThinkPHP\Common\functions.php 第 271 行.
NOTIC: [8] Undefined variable: name D:\www\dev_wederful\ThinkPHP\Common\functions.php 第 273 行.
NOTIC: [8] Undefined variable: name D:\www\dev_wederful\ThinkPHP\Common\functions.php 第 278 行.
NOTIC: [8] Undefined variable: name D:\www\dev_wederful\ThinkPHP\Common\functions.php 第 339 行.
NOTIC: [8] Undefined index: p D:\www\dev_wederful\Application\Home\Controller\ServiceController.class.php 第 9 行.
SQL: SHOW COLUMNS FROM `destination` [ RunTime:0.0038s ]
SQL: SHOW COLUMNS FROM `product` [ RunTime:0.0033s ]
SQL: SHOW COLUMNS FROM `vendors` [ RunTime:0.0033s ]
SQL: SHOW COLUMNS FROM `package` [ RunTime:0.0027s ]
SQL: SHOW COLUMNS FROM `product_category_attr_option` [ RunTime:0.0024s ]
SQL: SHOW COLUMNS FROM `product_category` [ RunTime:0.0030s ]
SQL: SELECT * FROM `destination` WHERE `id` = 1 LIMIT 1   [ RunTime:0.0004s ]
SQL: SELECT * FROM `product_category` WHERE `parent_id` = 0  [ RunTime:0.0003s ]
SQL: SHOW COLUMNS FROM `product` [ RunTime:0.0030s ]
SQL: SELECT COUNT(*) AS tp_count FROM product p INNER JOIN package k on p.id=k.product_id  WHERE p.is_del = '0' AND k.is_show = '1' AND k.is_del = '0' AND k.area_id = '1' AND p.category_id = '55' LIMIT 1   [ RunTime:0.0011s ]
SQL: SHOW COLUMNS FROM `product` [ RunTime:0.0028s ]
SQL: SELECT COUNT(*) AS tp_count FROM product p INNER JOIN package k on p.id=k.product_id  WHERE p.is_del = '0' AND k.is_show = '1' AND k.is_del = '0' AND k.area_id = '1' AND p.category_id = '56' LIMIT 1   [ RunTime:0.0007s ]
SQL: SHOW COLUMNS FROM `product` [ RunTime:0.0029s ]
SQL: SELECT COUNT(*) AS tp_count FROM product p INNER JOIN package k on p.id=k.product_id  WHERE p.is_del = '0' AND k.is_show = '1' AND k.is_del = '0' AND k.area_id = '1' AND p.category_id = '57' LIMIT 1   [ RunTime:0.0007s ]
SQL: SHOW COLUMNS FROM `product` [ RunTime:0.0028s ]
SQL: SELECT COUNT(*) AS tp_count FROM product p INNER JOIN package k on p.id=k.product_id  WHERE p.is_del = '0' AND k.is_show = '1' AND k.is_del = '0' AND k.area_id = '1' AND p.category_id = '58' LIMIT 1   [ RunTime:0.0006s ]
SQL: SHOW COLUMNS FROM `product` [ RunTime:0.0030s ]
SQL: SELECT COUNT(distinct(p.id)) AS tp_count FROM product p INNER JOIN package k on p.id=k.product_id  WHERE p.is_del = '0' AND k.is_show = '1' AND k.is_del = '0' AND k.area_id = '1' AND p.category_id = '55' LIMIT 1   [ RunTime:0.0008s ]
SQL: SHOW COLUMNS FROM `product` [ RunTime:0.0028s ]
SQL: SELECT DISTINCT  p.* FROM product p INNER JOIN package k on p.id=k.product_id  WHERE p.is_del = '0' AND k.is_show = '1' AND k.is_del = '0' AND k.area_id = '1' AND p.category_id = '55' LIMIT 0,6   [ RunTime:0.0035s ]
SQL: SELECT * FROM `vendors` WHERE `id` = 3 LIMIT 1   [ RunTime:0.0004s ]
SQL: SELECT * FROM `product_category` WHERE `id` = 55 LIMIT 1   [ RunTime:0.0003s ]
SQL: SELECT min(price) as price from package where product_id = '129' and is_del ='0' and is_show='1' [ RunTime:0.0003s ]
SQL: SHOW COLUMNS FROM `system_seting` [ RunTime:0.0026s ]
SQL: SELECT * FROM `system_seting` WHERE `name` = 'rate' LIMIT 1   [ RunTime:0.0003s ]
SQL: SHOW COLUMNS FROM `product_attr_relational` [ RunTime:0.0026s ]
SQL: SELECT * FROM product_attr_relational as a INNER JOIN product_category_attr as p on a.attr_id = p.id  WHERE ( a.product_id='129' and p.is_detail = 1 )  [ RunTime:0.0005s ]
SQL: SELECT * FROM `product_category_attr_option` WHERE `id` = 29 LIMIT 1   [ RunTime:0.0003s ]
SQL: SELECT * FROM `vendors` WHERE `id` = 28 LIMIT 1   [ RunTime:0.0003s ]
SQL: SELECT * FROM `product_category` WHERE `id` = 55 LIMIT 1   [ RunTime:0.0003s ]
SQL: SELECT min(price) as price from package where product_id = '121' and is_del ='0' and is_show='1' [ RunTime:0.0003s ]
SQL: SELECT * FROM `system_seting` WHERE `name` = 'rate' LIMIT 1   [ RunTime:0.0003s ]
SQL: SHOW COLUMNS FROM `product_attr_relational` [ RunTime:0.0028s ]
SQL: SELECT * FROM product_attr_relational as a INNER JOIN product_category_attr as p on a.attr_id = p.id  WHERE ( a.product_id='121' and p.is_detail = 1 )  [ RunTime:0.0004s ]
SQL: SELECT * FROM `product_category_attr_option` WHERE `id` = 30 LIMIT 1   [ RunTime:0.0004s ]
SQL: SELECT * FROM `vendors` WHERE `id` = 51 LIMIT 1   [ RunTime:0.0003s ]
SQL: SELECT * FROM `product_category` WHERE `id` = 55 LIMIT 1   [ RunTime:0.0003s ]
SQL: SELECT min(price) as price from package where product_id = '162' and is_del ='0' and is_show='1' [ RunTime:0.0004s ]
SQL: SELECT * FROM `system_seting` WHERE `name` = 'rate' LIMIT 1   [ RunTime:0.0005s ]
SQL: SHOW COLUMNS FROM `product_attr_relational` [ RunTime:0.0027s ]
SQL: SELECT * FROM product_attr_relational as a INNER JOIN product_category_attr as p on a.attr_id = p.id  WHERE ( a.product_id='162' and p.is_detail = 1 )  [ RunTime:0.0005s ]
SQL: SELECT * FROM `product_category_attr_option` WHERE `id` = 27 LIMIT 1   [ RunTime:0.0003s ]
SQL: SELECT * FROM `vendors` WHERE `id` = 11 LIMIT 1   [ RunTime:0.0003s ]
SQL: SELECT * FROM `product_category` WHERE `id` = 55 LIMIT 1   [ RunTime:0.0003s ]
SQL: SELECT min(price) as price from package where product_id = '163' and is_del ='0' and is_show='1' [ RunTime:0.0003s ]
SQL: SELECT * FROM `system_seting` WHERE `name` = 'rate' LIMIT 1   [ RunTime:0.0002s ]
SQL: SHOW COLUMNS FROM `product_attr_relational` [ RunTime:0.0025s ]
SQL: SELECT * FROM product_attr_relational as a INNER JOIN product_category_attr as p on a.attr_id = p.id  WHERE ( a.product_id='163' and p.is_detail = 1 )  [ RunTime:0.0005s ]
SQL: SELECT * FROM `product_category_attr_option` WHERE `id` = 35 LIMIT 1   [ RunTime:0.0004s ]
SQL: SELECT * FROM `vendors` WHERE `id` = 16 LIMIT 1   [ RunTime:0.0003s ]
SQL: SELECT * FROM `product_category` WHERE `id` = 55 LIMIT 1   [ RunTime:0.0003s ]
SQL: SELECT min(price) as price from package where product_id = '164' and is_del ='0' and is_show='1' [ RunTime:0.0003s ]
SQL: SELECT * FROM `system_seting` WHERE `name` = 'rate' LIMIT 1   [ RunTime:0.0004s ]
SQL: SHOW COLUMNS FROM `product_attr_relational` [ RunTime:0.0026s ]
SQL: SELECT * FROM product_attr_relational as a INNER JOIN product_category_attr as p on a.attr_id = p.id  WHERE ( a.product_id='164' and p.is_detail = 1 )  [ RunTime:0.0004s ]
SQL: SELECT * FROM `product_category_attr_option` WHERE `id` = 34 LIMIT 1   [ RunTime:0.0003s ]
SQL: SELECT * FROM `vendors` WHERE `id` = 40 LIMIT 1   [ RunTime:0.0003s ]
SQL: SELECT * FROM `product_category` WHERE `id` = 55 LIMIT 1   [ RunTime:0.0002s ]
SQL: SELECT min(price) as price from package where product_id = '165' and is_del ='0' and is_show='1' [ RunTime:0.0003s ]
SQL: SELECT * FROM `system_seting` WHERE `name` = 'rate' LIMIT 1   [ RunTime:0.0002s ]
SQL: SHOW COLUMNS FROM `product_attr_relational` [ RunTime:0.0027s ]
SQL: SELECT * FROM product_attr_relational as a INNER JOIN product_category_attr as p on a.attr_id = p.id  WHERE ( a.product_id='165' and p.is_detail = 1 )  [ RunTime:0.0004s ]
SQL: SELECT * FROM `product_category_attr_option` WHERE `id` = 27 LIMIT 1   [ RunTime:0.0003s ]
INFO: [ view_parse ] --START--
INFO: [ template_filter ] --START--
INFO: Run Behavior\ContentReplaceBehavior [ RunTime:0.000335s ]
INFO: [ template_filter ] --END-- [ RunTime:0.000902s ]
NOTIC: [8] Undefined variable: i D:\www\dev_wederful\Runtime\Cache\Home\2253abe062e2b5715590081bd3c15601.php 第 248 行.
INFO: Run Behavior\ParseTemplateBehavior [ RunTime:0.062639s ]
INFO: [ view_parse ] --END-- [ RunTime:0.063314s ]
INFO: [ view_filter ] --START--
INFO: Run Behavior\WriteHtmlCacheBehavior [ RunTime:0.000672s ]
INFO: [ view_filter ] --END-- [ RunTime:0.001271s ]
INFO: [ app_end ] --START--
INFO: Run Behavior\ShowPageTraceBehavior [ RunTime:0.001026s ]
INFO: [ app_end ] --END-- [ RunTime:0.001760s ]

[ 2015-12-25T13:56:38+08:00 ] ::1 /dev_wederful/bali/129
INFO: [ app_init ] --START--
INFO: Run Behavior\BuildLiteBehavior [ RunTime:0.000120s ]
INFO: [ app_init ] --END-- [ RunTime:0.000991s ]
INFO: [ app_begin ] --START--
INFO: Run Behavior\ReadHtmlCacheBehavior [ RunTime:0.000720s ]
INFO: Run Behavior\CheckLangBehavior [ RunTime:0.002192s ]
INFO: [ app_begin ] --END-- [ RunTime:0.003742s ]
NOTIC: [2] Missing argument 1 for I(), called in D:\www\dev_wederful\Application\Home\Controller\ServiceController.class.php on line 115 and defined D:\www\dev_wederful\ThinkPHP\Common\functions.php 第 271 行.
NOTIC: [8] Undefined variable: name D:\www\dev_wederful\ThinkPHP\Common\functions.php 第 273 行.
NOTIC: [8] Undefined variable: name D:\www\dev_wederful\ThinkPHP\Common\functions.php 第 278 行.
NOTIC: [8] Undefined variable: name D:\www\dev_wederful\ThinkPHP\Common\functions.php 第 339 行.
SQL: SHOW COLUMNS FROM `product` [ RunTime:0.0032s ]
SQL: SHOW COLUMNS FROM `vendors` [ RunTime:0.0028s ]
SQL: SHOW COLUMNS FROM `package` [ RunTime:0.0035s ]
SQL: SHOW COLUMNS FROM `notice` [ RunTime:0.0028s ]
SQL: SHOW COLUMNS FROM `product_category_attr` [ RunTime:0.0025s ]
SQL: SHOW COLUMNS FROM `product_category_attr_option` [ RunTime:0.0024s ]
SQL: SHOW COLUMNS FROM `product_attr_relational` [ RunTime:0.0034s ]
SQL: SHOW COLUMNS FROM `product_category` [ RunTime:0.0025s ]
SQL: SHOW COLUMNS FROM `package_add_value_service` [ RunTime:0.0033s ]
SQL: SHOW COLUMNS FROM `icon_manager` [ RunTime:0.0027s ]
SQL: SHOW COLUMNS FROM `product_detail_images` [ RunTime:0.0027s ]
SQL: SHOW COLUMNS FROM `destination` [ RunTime:0.0030s ]
SQL: SHOW COLUMNS FROM `destination_info` [ RunTime:0.0026s ]
SQL: SELECT * FROM `destination` WHERE `id` = 1 LIMIT 1   [ RunTime:0.0004s ]
SQL: SELECT * FROM `destination_info` WHERE `dest_id` = 1  [ RunTime:0.0005s ]
SQL: SHOW COLUMNS FROM `icon_area_manager` [ RunTime:0.0027s ]
SQL: SELECT * FROM `icon_area_manager` WHERE `id` = 12 LIMIT 1   [ RunTime:0.0004s ]
SQL: SELECT * FROM `icon_area_manager` WHERE `id` = 7 LIMIT 1   [ RunTime:0.0003s ]
SQL: SELECT * FROM `icon_area_manager` WHERE `id` = 13 LIMIT 1   [ RunTime:0.0003s ]
SQL: SELECT * FROM `icon_area_manager` WHERE `id` = 5 LIMIT 1   [ RunTime:0.0004s ]
SQL: SELECT * FROM `icon_area_manager` WHERE `id` = 2 LIMIT 1   [ RunTime:0.0003s ]
SQL: SELECT * FROM `icon_area_manager` WHERE `id` = 8 LIMIT 1   [ RunTime:0.0004s ]
SQL: SELECT * FROM `icon_area_manager` WHERE `id` = 6 LIMIT 1   [ RunTime:0.0003s ]
SQL: SELECT * FROM `icon_area_manager` WHERE `id` = 0 LIMIT 1   [ RunTime:0.0002s ]
SQL: SELECT * FROM `icon_area_manager` WHERE `id` = 0 LIMIT 1   [ RunTime:0.0003s ]
SQL: SELECT * FROM `icon_area_manager` WHERE `id` = 0 LIMIT 1   [ RunTime:0.0003s ]
SQL: SELECT * FROM `icon_area_manager` WHERE `id` = 0 LIMIT 1   [ RunTime:0.0003s ]
SQL: SELECT * FROM `icon_area_manager` WHERE `id` = 0 LIMIT 1   [ RunTime:0.0003s ]
SQL: SELECT * FROM `icon_area_manager` WHERE `id` = 0 LIMIT 1   [ RunTime:0.0002s ]
SQL: SELECT * FROM `icon_area_manager` WHERE `id` = 0 LIMIT 1   [ RunTime:0.0002s ]
SQL: SELECT * FROM `icon_area_manager` WHERE `id` = 9 LIMIT 1   [ RunTime:0.0003s ]
SQL: SELECT * FROM `icon_area_manager` WHERE `id` = 10 LIMIT 1   [ RunTime:0.0003s ]
SQL: SELECT * FROM `icon_area_manager` WHERE `id` = 11 LIMIT 1   [ RunTime:0.0003s ]
SQL: SELECT * FROM `icon_area_manager` WHERE `id` = 0 LIMIT 1   [ RunTime:0.0002s ]
SQL: SELECT * FROM `icon_area_manager` WHERE `id` = 0 LIMIT 1   [ RunTime:0.0002s ]
SQL: SELECT * FROM `icon_area_manager` WHERE `id` = 0 LIMIT 1   [ RunTime:0.0003s ]
SQL: SELECT * FROM `icon_area_manager` WHERE `id` = 0 LIMIT 1   [ RunTime:0.0003s ]
SQL: SELECT * FROM `icon_area_manager` WHERE `id` = 0 LIMIT 1   [ RunTime:0.0002s ]
SQL: SELECT * FROM `icon_area_manager` WHERE `id` = 0 LIMIT 1   [ RunTime:0.0003s ]
SQL: SELECT * FROM `icon_area_manager` WHERE `id` = 0 LIMIT 1   [ RunTime:0.0002s ]
SQL: SELECT * FROM `icon_area_manager` WHERE `id` = 0 LIMIT 1   [ RunTime:0.0002s ]
SQL: UPDATE `product` SET `visit_num`=visit_num+1 WHERE `id` = 129 [ RunTime:0.0003s ]
SQL: SELECT * FROM `product` WHERE `id` = 129 LIMIT 1   [ RunTime:0.0003s ]
SQL: SELECT * FROM `vendors` WHERE `id` = 3 LIMIT 1   [ RunTime:0.0003s ]
SQL: SELECT * FROM `product_detail_images` WHERE `product_id` = 129  [ RunTime:0.0005s ]
SQL: SELECT * FROM `package` WHERE `product_id` = 129 AND `is_show` = 1 ORDER BY package_no asc  [ RunTime:0.0005s ]
SQL: SELECT * FROM `package_add_value_service` WHERE `package_id` = 212  [ RunTime:0.0003s ]
SQL: SHOW COLUMNS FROM `system_seting` [ RunTime:0.0032s ]
SQL: SELECT * FROM `system_seting` WHERE `name` = 'rate' LIMIT 1   [ RunTime:0.0005s ]
SQL: SHOW COLUMNS FROM `user_collection` [ RunTime:0.0027s ]
SQL: SELECT * FROM `user_collection` WHERE `uid` = 0 AND `package_id` = 212 LIMIT 1   [ RunTime:0.0004s ]
SQL: SELECT * FROM `package_add_value_service` WHERE `package_id` = 213  [ RunTime:0.0003s ]
SQL: SELECT * FROM `system_seting` WHERE `name` = 'rate' LIMIT 1   [ RunTime:0.0002s ]
SQL: SELECT * FROM `user_collection` WHERE `uid` = 0 AND `package_id` = 213 LIMIT 1   [ RunTime:0.0002s ]
SQL: SHOW COLUMNS FROM `product_attr_relational` [ RunTime:0.0028s ]
SQL: SELECT * FROM product_attr_relational as a INNER JOIN product_category_attr as p on a.attr_id = p.id  WHERE ( a.product_id='129' and p.is_detail = 1 )  [ RunTime:0.0004s ]
SQL: SELECT * FROM `icon_manager` WHERE `id` = 14 LIMIT 1   [ RunTime:0.0003s ]
SQL: SELECT * FROM `product_category_attr_option` WHERE `id` = 32 LIMIT 1   [ RunTime:0.0002s ]
SQL: SELECT * FROM `icon_manager` WHERE `id` = 1 LIMIT 1   [ RunTime:0.0003s ]
SQL: SELECT * FROM `icon_manager` WHERE `id` = 16 LIMIT 1   [ RunTime:0.0002s ]
SQL: SELECT * FROM `product_category_attr_option` WHERE `id` = 29 LIMIT 1   [ RunTime:0.0002s ]
SQL: SELECT * FROM `icon_manager` WHERE `id` = 2 LIMIT 1   [ RunTime:0.0004s ]
SQL: SHOW COLUMNS FROM `product_attr_relational` [ RunTime:0.0027s ]
SQL: SELECT * FROM product_attr_relational as a INNER JOIN product_category_attr as p on a.attr_id = p.id  WHERE ( a.product_id='129' and p.is_detail = 0 )  [ RunTime:0.0005s ]
SQL: SELECT * FROM `product_category_attr_option` WHERE `attr_id` = 36  [ RunTime:0.0003s ]
SQL: SELECT `value` FROM `product_attr_relational` WHERE `attr_id` = 36 AND `product_id` = 129 LIMIT 1   [ RunTime:0.0002s ]
SQL: SELECT * FROM `product_category_attr_option` WHERE `attr_id` = 35  [ RunTime:0.0002s ]
SQL: SELECT `value` FROM `product_attr_relational` WHERE `attr_id` = 35 AND `product_id` = 129 LIMIT 1   [ RunTime:0.0003s ]
SQL: SELECT * FROM `product_category_attr_option` WHERE `attr_id` = 37  [ RunTime:0.0003s ]
SQL: SELECT `value` FROM `product_attr_relational` WHERE `attr_id` = 37 AND `product_id` = 129 LIMIT 1   [ RunTime:0.0003s ]
SQL: SELECT * FROM `notice` WHERE `product_id` = 129 LIMIT 1   [ RunTime:0.0007s ]
SQL: SHOW COLUMNS FROM `product` [ RunTime:0.0031s ]
SQL: SELECT p.* FROM product p INNER JOIN package k on p.id=k.product_id  WHERE p.is_del = '0' AND k.is_show = '1' AND k.is_del = '0' AND k.area_id = '1' ORDER BY rand() LIMIT 12   [ RunTime:0.0036s ]
SQL: SELECT * FROM `vendors` WHERE `id` = 16 LIMIT 1   [ RunTime:0.0003s ]
SQL: SELECT * FROM `product_category` WHERE `id` = 55 LIMIT 1   [ RunTime:0.0003s ]
SQL: SELECT min(price) as price from package where product_id = '164' [ RunTime:0.0003s ]
SQL: SELECT * FROM `system_seting` WHERE `name` = 'rate' LIMIT 1   [ RunTime:0.0002s ]
SQL: SHOW COLUMNS FROM `product_attr_relational` [ RunTime:0.0028s ]
SQL: SELECT * FROM product_attr_relational as a INNER JOIN product_category_attr as p on a.attr_id = p.id  WHERE ( a.product_id='164' and p.is_detail = 1 )  [ RunTime:0.0005s ]
SQL: SELECT * FROM `product_category_attr_option` WHERE `id` = 34 LIMIT 1   [ RunTime:0.0004s ]
SQL: SELECT * FROM `vendors` WHERE `id` = 53 LIMIT 1   [ RunTime:0.0003s ]
SQL: SELECT * FROM `product_category` WHERE `id` = 55 LIMIT 1   [ RunTime:0.0003s ]
SQL: SELECT min(price) as price from package where product_id = '168' [ RunTime:0.0004s ]
SQL: SELECT * FROM `system_seting` WHERE `name` = 'rate' LIMIT 1   [ RunTime:0.0003s ]
SQL: SHOW COLUMNS FROM `product_attr_relational` [ RunTime:0.0027s ]
SQL: SELECT * FROM product_attr_relational as a INNER JOIN product_category_attr as p on a.attr_id = p.id  WHERE ( a.product_id='168' and p.is_detail = 1 )  [ RunTime:0.0005s ]
SQL: SELECT * FROM `product_category_attr_option` WHERE `id` = 35 LIMIT 1   [ RunTime:0.0003s ]
SQL: SELECT * FROM `vendors` WHERE `id` = 16 LIMIT 1   [ RunTime:0.0003s ]
SQL: SELECT * FROM `product_category` WHERE `id` = 55 LIMIT 1   [ RunTime:0.0003s ]
SQL: SELECT min(price) as price from package where product_id = '164' [ RunTime:0.0003s ]
SQL: SELECT * FROM `system_seting` WHERE `name` = 'rate' LIMIT 1   [ RunTime:0.0003s ]
SQL: SHOW COLUMNS FROM `product_attr_relational` [ RunTime:0.0030s ]
SQL: SELECT * FROM product_attr_relational as a INNER JOIN product_category_attr as p on a.attr_id = p.id  WHERE ( a.product_id='164' and p.is_detail = 1 )  [ RunTime:0.0004s ]
SQL: SELECT * FROM `product_category_attr_option` WHERE `id` = 34 LIMIT 1   [ RunTime:0.0003s ]
SQL: SELECT * FROM `vendors` WHERE `id` = 36 LIMIT 1   [ RunTime:0.0003s ]
SQL: SELECT * FROM `product_category` WHERE `id` = 55 LIMIT 1   [ RunTime:0.0002s ]
SQL: SELECT min(price) as price from package where product_id = '172' [ RunTime:0.0003s ]
SQL: SELECT * FROM `system_seting` WHERE `name` = 'rate' LIMIT 1   [ RunTime:0.0002s ]
SQL: SHOW COLUMNS FROM `product_attr_relational` [ RunTime:0.0028s ]
SQL: SELECT * FROM product_attr_relational as a INNER JOIN product_category_attr as p on a.attr_id = p.id  WHERE ( a.product_id='172' and p.is_detail = 1 )  [ RunTime:0.0004s ]
SQL: SELECT * FROM `product_category_attr_option` WHERE `id` = 29 LIMIT 1   [ RunTime:0.0003s ]
SQL: SELECT * FROM `vendors` WHERE `id` = 65 LIMIT 1   [ RunTime:0.0003s ]
SQL: SELECT * FROM `product_category` WHERE `id` = 56 LIMIT 1   [ RunTime:0.0003s ]
SQL: SELECT min(price) as price from package where product_id = '196' [ RunTime:0.0003s ]
SQL: SELECT * FROM `system_seting` WHERE `name` = 'rate' LIMIT 1   [ RunTime:0.0003s ]
SQL: SHOW COLUMNS FROM `product_attr_relational` [ RunTime:0.0029s ]
SQL: SELECT * FROM product_attr_relational as a INNER JOIN product_category_attr as p on a.attr_id = p.id  WHERE ( a.product_id='196' and p.is_detail = 1 )  [ RunTime:0.0005s ]
SQL: SELECT * FROM `vendors` WHERE `id` = 18 LIMIT 1   [ RunTime:0.0003s ]
SQL: SELECT * FROM `product_category` WHERE `id` = 55 LIMIT 1   [ RunTime:0.0003s ]
SQL: SELECT min(price) as price from package where product_id = '178' [ RunTime:0.0003s ]
SQL: SELECT * FROM `system_seting` WHERE `name` = 'rate' LIMIT 1   [ RunTime:0.0002s ]
SQL: SHOW COLUMNS FROM `product_attr_relational` [ RunTime:0.0029s ]
SQL: SELECT * FROM product_attr_relational as a INNER JOIN product_category_attr as p on a.attr_id = p.id  WHERE ( a.product_id='178' and p.is_detail = 1 )  [ RunTime:0.0004s ]
SQL: SELECT * FROM `product_category_attr_option` WHERE `id` = 28 LIMIT 1   [ RunTime:0.0004s ]
SQL: SELECT * FROM `vendors` WHERE `id` = 65 LIMIT 1   [ RunTime:0.0003s ]
SQL: SELECT * FROM `product_category` WHERE `id` = 56 LIMIT 1   [ RunTime:0.0003s ]
SQL: SELECT min(price) as price from package where product_id = '196' [ RunTime:0.0003s ]
SQL: SELECT * FROM `system_seting` WHERE `name` = 'rate' LIMIT 1   [ RunTime:0.0002s ]
SQL: SHOW COLUMNS FROM `product_attr_relational` [ RunTime:0.0027s ]
SQL: SELECT * FROM product_attr_relational as a INNER JOIN product_category_attr as p on a.attr_id = p.id  WHERE ( a.product_id='196' and p.is_detail = 1 )  [ RunTime:0.0004s ]
SQL: SELECT * FROM `vendors` WHERE `id` = 68 LIMIT 1   [ RunTime:0.0003s ]
SQL: SELECT * FROM `product_category` WHERE `id` = 56 LIMIT 1   [ RunTime:0.0004s ]
SQL: SELECT min(price) as price from package where product_id = '199' [ RunTime:0.0004s ]
SQL: SELECT * FROM `system_seting` WHERE `name` = 'rate' LIMIT 1   [ RunTime:0.0002s ]
SQL: SHOW COLUMNS FROM `product_attr_relational` [ RunTime:0.0027s ]
SQL: SELECT * FROM product_attr_relational as a INNER JOIN product_category_attr as p on a.attr_id = p.id  WHERE ( a.product_id='199' and p.is_detail = 1 )  [ RunTime:0.0004s ]
SQL: SELECT * FROM `vendors` WHERE `id` = 7 LIMIT 1   [ RunTime:0.0004s ]
SQL: SELECT * FROM `product_category` WHERE `id` = 55 LIMIT 1   [ RunTime:0.0003s ]
SQL: SELECT min(price) as price from package where product_id = '181' [ RunTime:0.0003s ]
SQL: SELECT * FROM `system_seting` WHERE `name` = 'rate' LIMIT 1   [ RunTime:0.0003s ]
SQL: SHOW COLUMNS FROM `product_attr_relational` [ RunTime:0.0027s ]
SQL: SELECT * FROM product_attr_relational as a INNER JOIN product_category_attr as p on a.attr_id = p.id  WHERE ( a.product_id='181' and p.is_detail = 1 )  [ RunTime:0.0004s ]
SQL: SELECT * FROM `product_category_attr_option` WHERE `id` = 29 LIMIT 1   [ RunTime:0.0005s ]
SQL: SELECT * FROM `vendors` WHERE `id` = 7 LIMIT 1   [ RunTime:0.0003s ]
SQL: SELECT * FROM `product_category` WHERE `id` = 55 LIMIT 1   [ RunTime:0.0003s ]
SQL: SELECT min(price) as price from package where product_id = '180' [ RunTime:0.0003s ]
SQL: SELECT * FROM `system_seting` WHERE `name` = 'rate' LIMIT 1   [ RunTime:0.0003s ]
SQL: SHOW COLUMNS FROM `product_attr_relational` [ RunTime:0.0027s ]
SQL: SELECT * FROM product_attr_relational as a INNER JOIN product_category_attr as p on a.attr_id = p.id  WHERE ( a.product_id='180' and p.is_detail = 1 )  [ RunTime:0.0004s ]
SQL: SELECT * FROM `product_category_attr_option` WHERE `id` = 30 LIMIT 1   [ RunTime:0.0003s ]
SQL: SELECT * FROM `vendors` WHERE `id` = 30 LIMIT 1   [ RunTime:0.0003s ]
SQL: SELECT * FROM `product_category` WHERE `id` = 55 LIMIT 1   [ RunTime:0.0003s ]
SQL: SELECT min(price) as price from package where product_id = '192' [ RunTime:0.0003s ]
SQL: SELECT * FROM `system_seting` WHERE `name` = 'rate' LIMIT 1   [ RunTime:0.0004s ]
SQL: SHOW COLUMNS FROM `product_attr_relational` [ RunTime:0.0028s ]
SQL: SELECT * FROM product_attr_relational as a INNER JOIN product_category_attr as p on a.attr_id = p.id  WHERE ( a.product_id='192' and p.is_detail = 1 )  [ RunTime:0.0004s ]
SQL: SELECT * FROM `product_category_attr_option` WHERE `id` = 35 LIMIT 1   [ RunTime:0.0002s ]
SQL: SELECT * FROM `vendors` WHERE `id` = 51 LIMIT 1   [ RunTime:0.0003s ]
SQL: SELECT * FROM `product_category` WHERE `id` = 55 LIMIT 1   [ RunTime:0.0003s ]
SQL: SELECT min(price) as price from package where product_id = '162' [ RunTime:0.0003s ]
SQL: SELECT * FROM `system_seting` WHERE `name` = 'rate' LIMIT 1   [ RunTime:0.0002s ]
SQL: SHOW COLUMNS FROM `product_attr_relational` [ RunTime:0.0026s ]
SQL: SELECT * FROM product_attr_relational as a INNER JOIN product_category_attr as p on a.attr_id = p.id  WHERE ( a.product_id='162' and p.is_detail = 1 )  [ RunTime:0.0005s ]
SQL: SELECT * FROM `product_category_attr_option` WHERE `id` = 27 LIMIT 1   [ RunTime:0.0003s ]
INFO: [ view_parse ] --START--
INFO: [ template_filter ] --START--
INFO: Run Behavior\ContentReplaceBehavior [ RunTime:0.000439s ]
INFO: [ template_filter ] --END-- [ RunTime:0.000992s ]
NOTIC: [8] Undefined index: option D:\www\dev_wederful\Runtime\Cache\Home\53ee976beb7beaae7faa0b253dd76cff.php 第 652 行.
NOTIC: [8] Undefined index: option D:\www\dev_wederful\Runtime\Cache\Home\53ee976beb7beaae7faa0b253dd76cff.php 第 652 行.
NOTIC: [8] Undefined index: option D:\www\dev_wederful\Runtime\Cache\Home\53ee976beb7beaae7faa0b253dd76cff.php 第 652 行.
INFO: Run Behavior\ParseTemplateBehavior [ RunTime:0.179383s ]
INFO: [ view_parse ] --END-- [ RunTime:0.179982s ]
INFO: [ view_filter ] --START--
INFO: Run Behavior\WriteHtmlCacheBehavior [ RunTime:0.000641s ]
INFO: [ view_filter ] --END-- [ RunTime:0.001153s ]
INFO: [ app_end ] --START--
INFO: Run Behavior\ShowPageTraceBehavior [ RunTime:0.000973s ]
INFO: [ app_end ] --END-- [ RunTime:0.001596s ]

